<?xml version="1.0" encoding="utf-8"?>
<CoverageSession xmlns:xsd="http://www.w3.org/2001/XMLSchema" xmlns:xsi="http://www.w3.org/2001/XMLSchema-instance">
  <Summary numSequencePoints="267" visitedSequencePoints="234" numBranchPoints="123" visitedBranchPoints="94" sequenceCoverage="87.64" branchCoverage="76.42" maxCyclomaticComplexity="12" minCyclomaticComplexity="1" visitedClasses="12" numClasses="14" visitedMethods="58" numMethods="71" />
  <Modules>
    <Module skippedDueTo="Filter" hash="BD-DE-A7-8F-1E-AF-9E-71-2A-B5-57-87-AF-16-D5-1A-9B-B4-D7-C8">
      <ModulePath>C:\Program Files\dotnet\shared\Microsoft.NETCore.App\1.1.0\System.Private.CoreLib.ni.dll</ModulePath>
      <ModuleTime>2016-11-09T00:08:52Z</ModuleTime>
      <ModuleName>System.Private.CoreLib</ModuleName>
      <Classes />
    </Module>
    <Module skippedDueTo="Filter" hash="0F-BD-84-30-70-CE-FA-5E-67-D7-42-F4-87-FF-27-C9-0A-2B-53-44">
      <ModulePath>C:\Program Files\dotnet\sdk\1.0.0-preview2-1-003177\dotnet.dll</ModulePath>
      <ModuleTime>2016-11-11T02:20:44Z</ModuleTime>
      <ModuleName>dotnet</ModuleName>
      <Classes />
    </Module>
    <Module skippedDueTo="Filter" hash="97-E8-31-7C-5E-85-00-E7-60-EF-51-C0-C1-67-C5-FE-0E-1B-11-78">
      <ModulePath>C:\Program Files\dotnet\shared\Microsoft.NETCore.App\1.1.0\System.Runtime.dll</ModulePath>
      <ModuleTime>2016-11-09T00:08:36Z</ModuleTime>
      <ModuleName>System.Runtime</ModuleName>
      <Classes />
    </Module>
    <Module skippedDueTo="Filter" hash="AA-CF-C7-E0-87-32-EE-4D-E5-D5-60-8A-68-9B-E6-B9-D4-AE-41-8C">
      <ModulePath>C:\Program Files\dotnet\shared\Microsoft.NETCore.App\1.1.0\mscorlib.dll</ModulePath>
      <ModuleTime>2016-10-28T19:57:54Z</ModuleTime>
      <ModuleName>mscorlib</ModuleName>
      <Classes />
    </Module>
    <Module skippedDueTo="Filter" hash="A8-C1-D3-03-87-75-7E-A0-48-30-B9-32-13-03-E8-CA-3B-D8-D8-7A">
      <ModulePath>C:\Program Files\dotnet\sdk\1.0.0-preview2-1-003177\Microsoft.DotNet.Cli.Utils.dll</ModulePath>
      <ModuleTime>2016-11-11T02:20:52Z</ModuleTime>
      <ModuleName>Microsoft.DotNet.Cli.Utils</ModuleName>
      <Classes />
    </Module>
    <Module skippedDueTo="Filter" hash="88-A2-06-4C-3C-23-45-6B-68-3D-0B-E7-6C-1C-42-BA-76-48-19-01">
      <ModulePath>C:\Program Files\dotnet\shared\Microsoft.NETCore.App\1.1.0\System.Runtime.Extensions.dll</ModulePath>
      <ModuleTime>2016-11-09T00:08:38Z</ModuleTime>
      <ModuleName>System.Runtime.Extensions</ModuleName>
      <Classes />
    </Module>
    <Module skippedDueTo="Filter" hash="33-BA-7C-45-5A-11-BA-6F-E0-BB-94-E5-37-EA-DE-50-27-E0-52-03">
      <ModulePath>C:\Program Files\dotnet\shared\Microsoft.NETCore.App\1.1.0\System.Runtime.InteropServices.RuntimeInformation.dll</ModulePath>
      <ModuleTime>2016-11-09T00:08:28Z</ModuleTime>
      <ModuleName>System.Runtime.InteropServices.RuntimeInformation</ModuleName>
      <Classes />
    </Module>
    <Module skippedDueTo="Filter" hash="73-73-12-1A-DA-3C-71-0D-6A-DA-BA-63-32-03-79-94-AC-5E-4B-13">
      <ModulePath>C:\Program Files\dotnet\shared\Microsoft.NETCore.App\1.1.0\System.Reflection.Extensions.dll</ModulePath>
      <ModuleTime>2016-11-09T00:08:36Z</ModuleTime>
      <ModuleName>System.Reflection.Extensions</ModuleName>
      <Classes />
    </Module>
    <Module skippedDueTo="Filter" hash="32-EA-E9-B0-86-D5-50-21-8F-6D-50-E1-E4-83-BB-B9-5C-BD-11-27">
      <ModulePath>C:\Program Files\dotnet\shared\Microsoft.NETCore.App\1.1.0\System.Reflection.dll</ModulePath>
      <ModuleTime>2016-11-09T00:08:38Z</ModuleTime>
      <ModuleName>System.Reflection</ModuleName>
      <Classes />
    </Module>
    <Module skippedDueTo="Filter" hash="26-4B-95-8E-01-C1-7B-8D-33-C5-AA-B5-B8-A1-30-62-ED-1E-CF-90">
      <ModulePath>C:\Program Files\dotnet\sdk\1.0.0-preview2-1-003177\Microsoft.DotNet.InternalAbstractions.dll</ModulePath>
      <ModuleTime>2016-11-11T02:20:40Z</ModuleTime>
      <ModuleName>Microsoft.DotNet.InternalAbstractions</ModuleName>
      <Classes />
    </Module>
    <Module skippedDueTo="Filter" hash="9C-A7-0D-C9-7B-1A-06-A4-6A-EC-EB-5B-A6-EF-D8-5D-C9-10-E5-66">
      <ModulePath>C:\Program Files\dotnet\shared\Microsoft.NETCore.App\1.1.0\System.Runtime.InteropServices.dll</ModulePath>
      <ModuleTime>2016-11-09T00:08:50Z</ModuleTime>
      <ModuleName>System.Runtime.InteropServices</ModuleName>
      <Classes />
    </Module>
    <Module skippedDueTo="Filter" hash="73-AD-C2-0B-16-1C-79-BB-ED-EE-CD-23-43-2D-D9-A7-9E-D6-B8-2D">
      <ModulePath>C:\Program Files\dotnet\shared\Microsoft.NETCore.App\1.1.0\System.IO.FileSystem.dll</ModulePath>
      <ModuleTime>2016-11-09T00:08:38Z</ModuleTime>
      <ModuleName>System.IO.FileSystem</ModuleName>
      <Classes />
    </Module>
    <Module skippedDueTo="Filter" hash="88-31-EF-06-F9-64-5B-07-F2-E8-E6-93-76-B7-A3-F0-20-E0-9F-25">
      <ModulePath>C:\Program Files\dotnet\shared\Microsoft.NETCore.App\1.1.0\System.IO.FileSystem.Primitives.dll</ModulePath>
      <ModuleTime>2016-11-09T00:08:26Z</ModuleTime>
      <ModuleName>System.IO.FileSystem.Primitives</ModuleName>
      <Classes />
    </Module>
    <Module skippedDueTo="Filter" hash="B8-AA-6F-8C-81-35-EC-FF-1E-2F-18-3C-66-37-55-F0-CB-54-3A-2B">
      <ModulePath>C:\Program Files\dotnet\shared\Microsoft.NETCore.App\1.1.0\System.Runtime.Loader.dll</ModulePath>
      <ModuleTime>2016-11-09T00:08:40Z</ModuleTime>
      <ModuleName>System.Runtime.Loader</ModuleName>
      <Classes />
    </Module>
    <Module skippedDueTo="Filter" hash="C6-A4-21-FE-34-74-E7-4E-91-7A-4E-EB-7A-79-1C-D5-DD-0B-82-27">
      <ModulePath>C:\Program Files\dotnet\shared\Microsoft.NETCore.App\1.1.0\System.Text.Encoding.CodePages.dll</ModulePath>
      <ModuleTime>2016-11-09T00:08:26Z</ModuleTime>
      <ModuleName>System.Text.Encoding.CodePages</ModuleName>
      <Classes />
    </Module>
    <Module skippedDueTo="Filter" hash="5E-1E-C6-23-22-BF-B6-6B-53-2F-36-4C-4C-32-89-CA-ED-56-2A-DE">
      <ModulePath>C:\Program Files\dotnet\shared\Microsoft.NETCore.App\1.1.0\System.Text.Encoding.dll</ModulePath>
      <ModuleTime>2016-11-09T00:08:30Z</ModuleTime>
      <ModuleName>System.Text.Encoding</ModuleName>
      <Classes />
    </Module>
    <Module skippedDueTo="Filter" hash="34-34-76-CE-B5-21-B9-DC-ED-DB-4D-A7-7D-96-A1-7F-17-CC-6E-A8">
      <ModulePath>C:\Program Files\dotnet\shared\Microsoft.NETCore.App\1.1.0\System.Collections.dll</ModulePath>
      <ModuleTime>2016-11-09T00:08:28Z</ModuleTime>
      <ModuleName>System.Collections</ModuleName>
      <Classes />
    </Module>
    <Module skippedDueTo="Filter" hash="E9-B5-2A-6A-91-3D-AF-96-DB-8F-16-86-F3-69-AF-75-B1-A8-8B-C4">
      <ModulePath>C:\Program Files\dotnet\shared\Microsoft.NETCore.App\1.1.0\System.Threading.dll</ModulePath>
      <ModuleTime>2016-11-09T00:08:28Z</ModuleTime>
      <ModuleName>System.Threading</ModuleName>
      <Classes />
    </Module>
    <Module skippedDueTo="Filter" hash="A4-6E-55-83-2F-43-DE-A9-B5-EE-C3-02-DC-00-0B-5A-62-AA-C8-2F">
      <ModulePath>C:\Program Files\dotnet\shared\Microsoft.NETCore.App\1.1.0\System.Collections.Concurrent.dll</ModulePath>
      <ModuleTime>2016-11-09T00:08:50Z</ModuleTime>
      <ModuleName>System.Collections.Concurrent</ModuleName>
      <Classes />
    </Module>
    <Module skippedDueTo="Filter" hash="CC-89-4F-B5-C8-64-88-99-8B-C2-B2-02-36-D0-2F-8C-A3-A4-60-B5">
      <ModulePath>C:\Program Files\dotnet\shared\Microsoft.NETCore.App\1.1.0\System.Threading.Thread.dll</ModulePath>
      <ModuleTime>2016-11-09T00:08:24Z</ModuleTime>
      <ModuleName>System.Threading.Thread</ModuleName>
      <Classes />
    </Module>
    <Module skippedDueTo="Filter" hash="C3-A3-20-7E-3F-2B-7B-82-5F-1D-04-58-B8-A2-DC-6A-B3-EF-29-98">
      <ModulePath>C:\Program Files\dotnet\shared\Microsoft.NETCore.App\1.1.0\System.Linq.dll</ModulePath>
      <ModuleTime>2016-11-09T00:08:30Z</ModuleTime>
      <ModuleName>System.Linq</ModuleName>
      <Classes />
    </Module>
    <Module skippedDueTo="Filter" hash="43-4E-EE-E2-3D-F2-07-50-AD-EC-23-4A-47-A6-31-FF-CC-4B-F1-4D">
      <ModulePath>C:\Program Files\dotnet\shared\Microsoft.NETCore.App\1.1.0\System.Diagnostics.Process.dll</ModulePath>
      <ModuleTime>2016-11-09T00:08:30Z</ModuleTime>
      <ModuleName>System.Diagnostics.Process</ModuleName>
      <Classes />
    </Module>
    <Module skippedDueTo="Filter" hash="B3-1A-BA-D8-95-26-74-D6-56-7A-87-2E-AF-BE-DA-74-7D-F7-59-98">
      <ModulePath>C:\Program Files\dotnet\sdk\1.0.0-preview2-1-003177\Microsoft.DotNet.Configurer.dll</ModulePath>
      <ModuleTime>2016-11-11T02:20:36Z</ModuleTime>
      <ModuleName>Microsoft.DotNet.Configurer</ModuleName>
      <Classes />
    </Module>
    <Module skippedDueTo="Filter" hash="12-53-6B-81-04-85-1E-BB-31-C4-98-90-6A-CC-CC-6D-31-8C-68-CE">
      <ModulePath>C:\Program Files\dotnet\sdk\1.0.0-preview2-1-003177\Microsoft.DotNet.ProjectModel.dll</ModulePath>
      <ModuleTime>2016-11-11T02:21:12Z</ModuleTime>
      <ModuleName>Microsoft.DotNet.ProjectModel</ModuleName>
      <Classes />
    </Module>
    <Module skippedDueTo="Filter" hash="CE-9B-C0-A8-02-09-2A-85-7B-10-F1-86-D0-15-CE-BD-6A-45-09-08">
      <ModulePath>C:\Program Files\dotnet\shared\Microsoft.NETCore.App\1.1.0\System.IO.dll</ModulePath>
      <ModuleTime>2016-11-09T00:08:28Z</ModuleTime>
      <ModuleName>System.IO</ModuleName>
      <Classes />
    </Module>
    <Module skippedDueTo="Filter" hash="FF-CB-37-AF-65-57-CC-CC-CE-0A-56-9F-2B-74-48-41-D7-76-1C-60">
      <ModulePath>C:\Program Files\dotnet\shared\Microsoft.NETCore.App\1.1.0\System.Threading.Tasks.dll</ModulePath>
      <ModuleTime>2016-11-09T00:08:44Z</ModuleTime>
      <ModuleName>System.Threading.Tasks</ModuleName>
      <Classes />
    </Module>
    <Module skippedDueTo="Filter" hash="A0-B7-A6-47-D8-23-AA-21-BD-3F-39-BA-48-2E-72-DB-A7-F3-3E-6C">
      <ModulePath>C:\Program Files\dotnet\shared\Microsoft.NETCore.App\1.1.0\System.Runtime.Handles.dll</ModulePath>
      <ModuleTime>2016-11-09T00:08:34Z</ModuleTime>
      <ModuleName>System.Runtime.Handles</ModuleName>
      <Classes />
    </Module>
    <Module skippedDueTo="Filter" hash="46-53-A9-88-F4-45-2B-B3-D5-94-8B-16-B2-36-4A-C2-24-1F-6A-50">
      <ModulePath>C:\Program Files\dotnet\sdk\1.0.0-preview2-1-003177\NuGet.Frameworks.dll</ModulePath>
      <ModuleTime>2016-11-11T02:20:44Z</ModuleTime>
      <ModuleName>NuGet.Frameworks</ModuleName>
      <Classes />
    </Module>
    <Module skippedDueTo="Filter" hash="3E-33-5C-5A-68-2C-02-65-3F-71-D0-06-94-FE-67-50-38-D2-AA-1F">
      <ModulePath>C:\Program Files\dotnet\sdk\1.0.0-preview2-1-003177\runtimes\win\lib\netstandard1.3\System.Diagnostics.TraceSource.dll</ModulePath>
      <ModuleTime>2016-11-05T06:55:58Z</ModuleTime>
      <ModuleName>System.Diagnostics.TraceSource</ModuleName>
      <Classes />
    </Module>
    <Module skippedDueTo="Filter" hash="1D-9F-8F-5F-09-01-DE-95-8A-52-B5-07-52-ED-95-5F-3C-55-62-CA">
      <ModulePath>C:\Program Files\dotnet\sdk\1.0.0-preview2-1-003177\Microsoft.ApplicationInsights.dll</ModulePath>
      <ModuleTime>2016-11-11T02:21:20Z</ModuleTime>
      <ModuleName>Microsoft.ApplicationInsights</ModuleName>
      <Classes />
    </Module>
    <Module skippedDueTo="Filter" hash="16-7B-6D-E1-BE-1D-4A-B4-A4-AC-3F-12-3D-46-E9-02-07-78-0C-3A">
      <ModulePath>C:\Program Files\dotnet\shared\Microsoft.NETCore.App\1.1.0\System.Reflection.TypeExtensions.dll</ModulePath>
      <ModuleTime>2016-11-09T00:08:40Z</ModuleTime>
      <ModuleName>System.Reflection.TypeExtensions</ModuleName>
      <Classes />
    </Module>
    <Module skippedDueTo="Filter" hash="64-65-E7-41-F1-BF-4B-1B-8E-00-D5-4D-9C-EA-E1-7A-34-8C-26-5D">
      <ModulePath>C:\Program Files\dotnet\sdk\1.0.0-preview2-1-003177\Microsoft.Extensions.DependencyModel.dll</ModulePath>
      <ModuleTime>2016-11-11T02:20:56Z</ModuleTime>
      <ModuleName>Microsoft.Extensions.DependencyModel</ModuleName>
      <Classes />
    </Module>
    <Module skippedDueTo="Filter" hash="9C-BF-18-FD-F9-CD-72-9B-38-59-BD-01-7A-34-71-11-41-7F-2D-1B">
      <ModulePath>C:\Program Files\dotnet\shared\Microsoft.NETCore.App\1.1.0\System.Xml.XDocument.dll</ModulePath>
      <ModuleTime>2016-11-09T00:08:36Z</ModuleTime>
      <ModuleName>System.Xml.XDocument</ModuleName>
      <Classes />
    </Module>
    <Module skippedDueTo="Filter" hash="26-4B-73-C5-45-5F-07-BB-D2-50-32-B5-E6-73-AD-0C-13-2E-15-43">
      <ModulePath>C:\Program Files\dotnet\shared\Microsoft.NETCore.App\1.1.0\System.Diagnostics.Tracing.dll</ModulePath>
      <ModuleTime>2016-11-09T00:08:50Z</ModuleTime>
      <ModuleName>System.Diagnostics.Tracing</ModuleName>
      <Classes />
    </Module>
    <Module skippedDueTo="Filter" hash="37-BE-2B-8A-E2-95-49-9A-CE-AC-DD-49-10-EA-13-CD-FE-77-39-B3">
      <ModulePath>C:\Program Files\dotnet\sdk\1.0.0-preview2-1-003177\Newtonsoft.Json.dll</ModulePath>
      <ModuleTime>2016-11-11T02:16:00Z</ModuleTime>
      <ModuleName>Newtonsoft.Json</ModuleName>
      <Classes />
    </Module>
    <Module skippedDueTo="Filter" hash="65-6C-47-42-E6-40-10-56-15-99-1F-9D-20-AF-9F-88-A9-00-D2-6D">
      <ModulePath>C:\Program Files\dotnet\shared\Microsoft.NETCore.App\1.1.0\System.Private.Uri.dll</ModulePath>
      <ModuleTime>2016-11-09T00:08:36Z</ModuleTime>
      <ModuleName>System.Private.Uri</ModuleName>
      <Classes />
    </Module>
    <Module skippedDueTo="Filter" hash="D1-3C-87-81-E6-C4-91-B8-F8-4A-09-4A-99-35-88-D3-89-44-E2-C1">
      <ModulePath>C:\Program Files\dotnet\shared\Microsoft.NETCore.App\1.1.0\System.Dynamic.Runtime.dll</ModulePath>
      <ModuleTime>2016-11-09T00:08:26Z</ModuleTime>
      <ModuleName>System.Dynamic.Runtime</ModuleName>
      <Classes />
    </Module>
    <Module skippedDueTo="Filter" hash="79-69-F3-56-F4-8B-D4-9C-28-DF-4C-38-ED-18-92-7E-9B-4C-6A-73">
      <ModulePath>C:\Program Files\dotnet\shared\Microsoft.NETCore.App\1.1.0\System.Linq.Expressions.dll</ModulePath>
      <ModuleTime>2016-11-09T00:08:42Z</ModuleTime>
      <ModuleName>System.Linq.Expressions</ModuleName>
      <Classes />
    </Module>
    <Module skippedDueTo="Filter" hash="3D-F3-9A-F0-42-BD-3D-64-B9-D6-6E-87-21-BE-92-80-43-74-92-C7">
      <ModulePath>C:\Program Files\dotnet\shared\Microsoft.NETCore.App\1.1.0\System.ObjectModel.dll</ModulePath>
      <ModuleTime>2016-11-09T00:08:32Z</ModuleTime>
      <ModuleName>System.ObjectModel</ModuleName>
      <Classes />
    </Module>
    <Module skippedDueTo="Filter" hash="2C-5B-2A-6A-84-1B-1F-4C-E8-7D-01-E8-82-8E-4C-D6-E6-1F-4C-C8">
      <ModulePath>C:\Program Files\dotnet\shared\Microsoft.NETCore.App\1.1.0\System.Globalization.dll</ModulePath>
      <ModuleTime>2016-11-09T00:09:00Z</ModuleTime>
      <ModuleName>System.Globalization</ModuleName>
      <Classes />
    </Module>
    <Module skippedDueTo="Filter" hash="91-A3-B3-2D-93-1F-9E-6F-54-10-A2-34-74-6C-75-DC-E3-16-C9-A6">
      <ModulePath>C:\Program Files\dotnet\sdk\1.0.0-preview2-1-003177\NuGet.Versioning.dll</ModulePath>
      <ModuleTime>2016-11-11T02:20:52Z</ModuleTime>
      <ModuleName>NuGet.Versioning</ModuleName>
      <Classes />
    </Module>
    <Module skippedDueTo="Filter" hash="B4-17-AF-3F-3B-94-D2-6F-E2-BF-1D-D0-21-CB-54-DF-12-F6-8F-2C">
      <ModulePath>C:\Program Files\dotnet\shared\Microsoft.NETCore.App\1.1.0\System.Diagnostics.Tools.dll</ModulePath>
      <ModuleTime>2016-11-09T00:08:44Z</ModuleTime>
      <ModuleName>System.Diagnostics.Tools</ModuleName>
      <Classes />
    </Module>
    <Module skippedDueTo="Filter" hash="84-47-D8-7F-6A-96-C5-23-22-44-C1-A7-DF-AC-3A-11-9E-0F-E5-F0">
      <ModulePath>C:\Program Files\dotnet\shared\Microsoft.NETCore.App\1.1.0\System.Diagnostics.Debug.dll</ModulePath>
      <ModuleTime>2016-11-09T00:09:00Z</ModuleTime>
      <ModuleName>System.Diagnostics.Debug</ModuleName>
      <Classes />
    </Module>
    <Module skippedDueTo="Filter" hash="E5-7F-EE-B6-80-AE-4E-90-A7-E5-73-FD-46-6E-0A-1E-49-C5-FB-DA">
      <ModulePath>C:\Program Files\dotnet\shared\Microsoft.NETCore.App\1.1.0\System.IO.Compression.dll</ModulePath>
      <ModuleTime>2016-11-09T00:08:38Z</ModuleTime>
      <ModuleName>System.IO.Compression</ModuleName>
      <Classes />
    </Module>
    <Module skippedDueTo="Filter" hash="56-2E-6A-A4-AF-EA-86-EA-08-67-FF-56-D5-15-EC-4C-D4-B5-A1-1C">
      <ModulePath>C:\Program Files\dotnet\shared\Microsoft.NETCore.App\1.1.0\System.Text.Encoding.Extensions.dll</ModulePath>
      <ModuleTime>2016-11-09T00:08:30Z</ModuleTime>
      <ModuleName>System.Text.Encoding.Extensions</ModuleName>
      <Classes />
    </Module>
    <Module skippedDueTo="Filter" hash="1A-FB-10-E7-92-43-AB-31-0F-67-5A-35-1F-64-FB-D2-7C-43-A6-D3">
      <ModulePath>C:\Program Files\dotnet\sdk\1.0.0-preview2-1-003177\NuGet.Packaging.Core.Types.dll</ModulePath>
      <ModuleTime>2016-11-11T02:20:52Z</ModuleTime>
      <ModuleName>NuGet.Packaging.Core.Types</ModuleName>
      <Classes />
    </Module>
    <Module skippedDueTo="Filter" hash="E3-5F-98-1C-DA-35-C6-BA-F6-7F-C5-38-82-8F-DE-5A-FE-0F-A0-35">
      <ModulePath>C:\Program Files\dotnet\shared\Microsoft.NETCore.App\1.1.0\System.Text.RegularExpressions.dll</ModulePath>
      <ModuleTime>2016-11-09T00:08:26Z</ModuleTime>
      <ModuleName>System.Text.RegularExpressions</ModuleName>
      <Classes />
    </Module>
    <Module skippedDueTo="Filter" hash="55-AC-64-B6-B1-B7-CA-3B-EC-13-C9-6B-8B-37-57-79-48-80-05-79">
      <ModulePath>C:\Program Files\dotnet\sdk\1.0.0-preview2-1-003177\NuGet.Packaging.dll</ModulePath>
      <ModuleTime>2016-11-11T02:20:54Z</ModuleTime>
      <ModuleName>NuGet.Packaging</ModuleName>
      <Classes />
    </Module>
    <Module skippedDueTo="Filter" hash="99-25-6E-C9-05-17-DB-FD-05-30-1E-FF-B7-BC-A1-72-75-C9-41-E4">
      <ModulePath>C:\Program Files\dotnet\shared\Microsoft.NETCore.App\1.1.0\System.Reflection.Metadata.dll</ModulePath>
      <ModuleTime>2016-11-09T00:08:38Z</ModuleTime>
      <ModuleName>System.Reflection.Metadata</ModuleName>
      <Classes />
    </Module>
    <Module skippedDueTo="Filter" hash="58-0D-23-08-96-5C-86-D4-CA-9B-33-1A-1F-37-9E-46-ED-06-61-9B">
      <ModulePath>C:\Program Files\dotnet\shared\Microsoft.NETCore.App\1.1.0\System.Net.Http.dll</ModulePath>
      <ModuleTime>2016-11-09T00:08:34Z</ModuleTime>
      <ModuleName>System.Net.Http</ModuleName>
      <Classes />
    </Module>
    <Module skippedDueTo="Filter" hash="31-55-13-D3-EE-A2-5E-A3-0E-58-03-EA-6B-4A-E5-78-08-D1-2D-CC">
      <ModulePath>C:\Program Files\dotnet\shared\Microsoft.NETCore.App\1.1.0\System.Net.Primitives.dll</ModulePath>
      <ModuleTime>2016-11-09T00:08:32Z</ModuleTime>
      <ModuleName>System.Net.Primitives</ModuleName>
      <Classes />
    </Module>
    <Module skippedDueTo="Filter" hash="01-6C-19-93-56-62-F3-51-BB-35-48-75-E9-2D-ED-FA-39-A5-CF-17">
      <ModulePath>C:\Program Files\dotnet\shared\Microsoft.NETCore.App\1.1.0\System.IO.MemoryMappedFiles.dll</ModulePath>
      <ModuleTime>2016-11-09T00:08:32Z</ModuleTime>
      <ModuleName>System.IO.MemoryMappedFiles</ModuleName>
      <Classes />
    </Module>
    <Module skippedDueTo="Filter" hash="33-DF-EF-50-45-AB-2D-75-59-4C-C8-38-5B-62-F7-4F-49-0A-A6-4B">
      <ModulePath>C:\Program Files\dotnet\shared\Microsoft.NETCore.App\1.1.0\System.Diagnostics.DiagnosticSource.dll</ModulePath>
      <ModuleTime>2016-11-09T00:08:40Z</ModuleTime>
      <ModuleName>System.Diagnostics.DiagnosticSource</ModuleName>
      <Classes />
    </Module>
    <Module skippedDueTo="Filter" hash="94-BE-E1-53-7C-0A-FB-8A-C6-69-5B-95-BB-ED-E3-44-4B-39-14-57">
      <ModulePath>C:\Program Files\dotnet\shared\Microsoft.NETCore.App\1.1.0\System.Security.Cryptography.X509Certificates.dll</ModulePath>
      <ModuleTime>2016-11-09T00:08:30Z</ModuleTime>
      <ModuleName>System.Security.Cryptography.X509Certificates</ModuleName>
      <Classes />
    </Module>
    <Module skippedDueTo="Filter" hash="46-C2-B6-BA-12-1C-3E-FD-08-1D-B2-0A-A0-5B-7F-A8-D1-80-F0-84">
      <ModulePath>C:\Program Files\dotnet\shared\Microsoft.NETCore.App\1.1.0\System.IO.UnmanagedMemoryStream.dll</ModulePath>
      <ModuleTime>2016-11-09T00:08:26Z</ModuleTime>
      <ModuleName>System.IO.UnmanagedMemoryStream</ModuleName>
      <Classes />
    </Module>
    <Module skippedDueTo="Filter" hash="8D-A6-D5-4B-79-62-29-47-05-32-79-D5-B9-74-B9-B7-98-42-51-F4">
      <ModulePath>C:\Program Files\dotnet\shared\Microsoft.NETCore.App\1.1.0\System.Collections.Immutable.dll</ModulePath>
      <ModuleTime>2016-11-09T00:08:36Z</ModuleTime>
      <ModuleName>System.Collections.Immutable</ModuleName>
      <Classes />
    </Module>
    <Module skippedDueTo="Filter" hash="B8-D4-0D-64-AF-00-BD-6C-46-22-6C-63-FB-6B-9D-54-E9-6B-DC-57">
      <ModulePath>C:\Program Files\dotnet\shared\Microsoft.NETCore.App\1.1.0\System.Xml.ReaderWriter.dll</ModulePath>
      <ModuleTime>2016-11-09T00:08:42Z</ModuleTime>
      <ModuleName>System.Xml.ReaderWriter</ModuleName>
      <Classes />
    </Module>
    <Module skippedDueTo="Filter" hash="6E-58-87-76-E9-D1-09-BA-F3-95-70-22-35-F8-C4-F7-F6-42-69-25">
      <ModulePath>C:\Program Files\dotnet\sdk\1.0.0-preview2-1-003177\Microsoft.DotNet.Compiler.Common.dll</ModulePath>
      <ModuleTime>2016-11-11T02:20:40Z</ModuleTime>
      <ModuleName>Microsoft.DotNet.Compiler.Common</ModuleName>
      <Classes />
    </Module>
    <Module skippedDueTo="Filter" hash="43-BB-24-58-84-E8-38-62-FC-E6-B5-B2-51-43-65-71-D8-E9-CB-9E">
      <ModulePath>C:\Program Files\dotnet\shared\Microsoft.NETCore.App\1.1.0\System.Console.dll</ModulePath>
      <ModuleTime>2016-11-09T00:08:34Z</ModuleTime>
      <ModuleName>System.Console</ModuleName>
      <Classes />
    </Module>
    <Module skippedDueTo="Filter" hash="DF-EE-0D-B6-70-C5-89-CA-2D-BB-A0-4E-9C-5A-43-B4-E0-C8-17-76">
      <ModulePath>C:\Program Files\dotnet\sdk\1.0.0-preview2-1-003177\System.Runtime.Serialization.Primitives.dll</ModulePath>
      <ModuleTime>2016-11-11T02:20:34Z</ModuleTime>
      <ModuleName>System.Runtime.Serialization.Primitives</ModuleName>
      <Classes />
    </Module>
    <Module skippedDueTo="Filter" hash="45-CB-FB-3E-9C-86-50-09-1D-B4-C6-25-60-6A-2D-CE-97-5E-94-2B">
      <ModulePath>C:\Program Files\dotnet\shared\Microsoft.NETCore.App\1.1.0\System.Reflection.Emit.ILGeneration.dll</ModulePath>
      <ModuleTime>2016-11-09T00:08:38Z</ModuleTime>
      <ModuleName>System.Reflection.Emit.ILGeneration</ModuleName>
      <Classes />
    </Module>
    <Module skippedDueTo="Filter" hash="22-BE-B9-72-7F-AD-73-EC-69-ED-0D-7A-56-95-89-7A-C4-35-A9-BC">
      <ModulePath>C:\Program Files\dotnet\shared\Microsoft.NETCore.App\1.1.0\System.Reflection.Primitives.dll</ModulePath>
      <ModuleTime>2016-11-09T00:08:36Z</ModuleTime>
      <ModuleName>System.Reflection.Primitives</ModuleName>
      <Classes />
    </Module>
    <Module skippedDueTo="Filter" hash="BA-47-DD-F2-10-B0-00-0E-C3-0F-66-A5-D5-F6-5B-FD-96-1C-E1-33">
      <ModulePath>C:\Program Files\dotnet\shared\Microsoft.NETCore.App\1.1.0\System.Reflection.Emit.Lightweight.dll</ModulePath>
      <ModuleTime>2016-11-09T00:08:50Z</ModuleTime>
      <ModuleName>System.Reflection.Emit.Lightweight</ModuleName>
      <Classes />
    </Module>
    <Module skippedDueTo="Filter" hash="">
      <ModulePath>RefEmit_InMemoryManifestModule</ModulePath>
      <ModuleTime>0001-01-01T00:00:00</ModuleTime>
      <ModuleName>Anonymously Hosted DynamicMethods Assembly</ModuleName>
      <Classes />
    </Module>
    <Module skippedDueTo="Filter" hash="BE-E6-0B-6F-86-9A-78-B8-33-02-8A-75-A0-20-B9-BB-C6-EF-09-2D">
      <ModulePath>C:\Program Files\dotnet\shared\Microsoft.NETCore.App\1.1.0\System.Threading.ThreadPool.dll</ModulePath>
      <ModuleTime>2016-11-09T00:08:42Z</ModuleTime>
      <ModuleName>System.Threading.ThreadPool</ModuleName>
      <Classes />
    </Module>
    <Module skippedDueTo="Filter" hash="7F-4E-EA-3B-6F-54-D3-91-5E-FE-62-68-9E-42-98-12-3C-7D-D8-12">
      <ModulePath>C:\WINDOWS\Microsoft.Net\assembly\GAC_64\mscorlib\v4.0_4.0.0.0__b77a5c561934e089\mscorlib.dll</ModulePath>
      <ModuleTime>2016-07-16T11:43:57.1242712Z</ModuleTime>
      <ModuleName>mscorlib</ModuleName>
      <Classes />
    </Module>
    <Module skippedDueTo="Filter" hash="CF-15-7A-6D-3A-A6-A0-FE-00-8C-57-40-B8-F8-6D-A5-8A-6C-D4-8F">
      <ModulePath>J:\Projects\hippocampus-sql\bin\Debug\net451\win7-x64\dotnet-test-xunit.exe</ModulePath>
      <ModuleTime>2016-05-24T20:42:24Z</ModuleTime>
      <ModuleName>dotnet-test-xunit</ModuleName>
      <Classes />
    </Module>
    <Module skippedDueTo="Filter" hash="2C-BE-1B-C3-02-35-ED-A0-CC-7C-AB-BA-F1-C5-8D-DE-79-03-01-9A">
      <ModulePath>J:\Projects\hippocampus-sql\bin\Debug\net451\win7-x64\xunit.runner.utility.desktop.dll</ModulePath>
      <ModuleTime>2015-09-27T13:34:30Z</ModuleTime>
      <ModuleName>xunit.runner.utility.desktop</ModuleName>
      <Classes />
    </Module>
    <Module skippedDueTo="Filter" hash="E5-DE-BE-E6-36-3A-18-9D-19-75-10-62-04-4B-5A-43-5C-48-C4-34">
      <ModulePath>C:\WINDOWS\Microsoft.Net\assembly\GAC_MSIL\System.Core\v4.0_4.0.0.0__b77a5c561934e089\System.Core.dll</ModulePath>
      <ModuleTime>2016-07-16T11:43:57.1711464Z</ModuleTime>
      <ModuleName>System.Core</ModuleName>
      <Classes />
    </Module>
    <Module skippedDueTo="Filter" hash="9E-A9-5D-7F-86-82-4D-02-7D-07-AD-C0-17-06-5D-73-8F-1F-28-44">
      <ModulePath>J:\Projects\hippocampus-sql\bin\Debug\net451\win7-x64\xunit.abstractions.dll</ModulePath>
      <ModuleTime>2015-03-15T16:54:10Z</ModuleTime>
      <ModuleName>xunit.abstractions</ModuleName>
      <Classes />
    </Module>
    <Module skippedDueTo="Filter" hash="2F-06-CB-9E-45-EB-3F-7A-7A-0E-09-BA-75-25-0C-EF-AA-90-8E-2B">
      <ModulePath>C:\WINDOWS\Microsoft.Net\assembly\GAC_MSIL\System\v4.0_4.0.0.0__b77a5c561934e089\System.dll</ModulePath>
      <ModuleTime>2016-07-16T11:43:55.5461496Z</ModuleTime>
      <ModuleName>System</ModuleName>
      <Classes />
    </Module>
    <Module skippedDueTo="Filter" hash="D2-91-EE-76-63-04-98-6D-44-74-22-1C-A8-98-B0-F1-F7-A8-35-F2">
      <ModulePath>J:\Projects\hippocampus-sql\bin\Debug\net451\win7-x64\Microsoft.Extensions.Testing.Abstractions.dll</ModulePath>
      <ModuleTime>2016-05-12T02:05:54Z</ModuleTime>
      <ModuleName>Microsoft.Extensions.Testing.Abstractions</ModuleName>
      <Classes />
    </Module>
    <Module skippedDueTo="Filter" hash="F0-65-84-49-30-EE-D3-6F-99-3E-9F-0C-75-33-E4-04-AC-F6-BB-9F">
      <ModulePath>J:\Projects\hippocampus-sql\bin\Debug\net451\win7-x64\Newtonsoft.Json.dll</ModulePath>
      <ModuleTime>2015-06-22T14:06:54Z</ModuleTime>
      <ModuleName>Newtonsoft.Json</ModuleName>
      <Classes />
    </Module>
    <Module skippedDueTo="Filter" hash="CD-AC-CE-55-4B-67-DC-1A-C1-09-C5-90-0E-EB-7D-4A-21-28-18-43">
      <ModulePath>J:\Projects\hippocampus-sql\bin\Debug\net451\win7-x64\Microsoft.Extensions.DependencyModel.dll</ModulePath>
      <ModuleTime>2016-05-12T02:05:54Z</ModuleTime>
      <ModuleName>Microsoft.Extensions.DependencyModel</ModuleName>
      <Classes />
    </Module>
    <Module skippedDueTo="Filter" hash="06-E2-56-FC-C8-5A-2B-D7-BF-63-DC-9B-05-B4-0E-93-9F-24-E6-B3">
      <ModulePath>J:\Projects\hippocampus-sql\bin\Debug\net451\win7-x64\Microsoft.DotNet.InternalAbstractions.dll</ModulePath>
      <ModuleTime>2016-05-12T02:05:52Z</ModuleTime>
      <ModuleName>Microsoft.DotNet.InternalAbstractions</ModuleName>
      <Classes />
    </Module>
    <Module skippedDueTo="Filter" hash="46-B3-F1-6D-41-CD-FC-CD-AA-FB-7E-8F-22-00-82-2C-C2-7D-A3-CF">
      <ModulePath>C:\WINDOWS\Microsoft.Net\assembly\GAC_MSIL\System.Numerics\v4.0_4.0.0.0__b77a5c561934e089\System.Numerics.dll</ModulePath>
      <ModuleTime>2016-07-16T11:43:55.4992744Z</ModuleTime>
      <ModuleName>System.Numerics</ModuleName>
      <Classes />
    </Module>
    <Module skippedDueTo="Filter" hash="AD-FF-05-54-3F-1E-B1-4A-75-8B-57-79-52-BB-A2-B8-2D-C7-CD-B1">
      <ModulePath>J:\Projects\hippocampus-sql\bin\Debug\net451\win7-x64\Microsoft.DiaSymReader.dll</ModulePath>
      <ModuleTime>2015-10-07T14:48:12Z</ModuleTime>
      <ModuleName>Microsoft.DiaSymReader</ModuleName>
      <Classes />
    </Module>
    <Module skippedDueTo="Filter" hash="A9-BD-A7-B1-B6-47-DB-22-32-C2-EA-7B-5B-6E-57-02-3B-DC-F6-EC">
      <ModulePath>J:\Projects\hippocampus-sql\bin\Debug\net451\win7-x64\Microsoft.DotNet.ProjectModel.dll</ModulePath>
      <ModuleTime>2016-05-12T02:05:52Z</ModuleTime>
      <ModuleName>Microsoft.DotNet.ProjectModel</ModuleName>
      <Classes />
    </Module>
    <Module skippedDueTo="Filter" hash="76-DD-2A-27-26-DD-A6-3D-EC-46-8F-07-DE-62-85-62-AA-68-3F-B0">
      <ModulePath>J:\Projects\hippocampus-sql\bin\Debug\net451\win7-x64\NuGet.Versioning.dll</ModulePath>
      <ModuleTime>2016-05-12T03:28:16Z</ModuleTime>
      <ModuleName>NuGet.Versioning</ModuleName>
      <Classes />
    </Module>
    <Module skippedDueTo="Filter" hash="90-6C-03-B4-6A-8F-9E-9E-0C-10-31-99-08-F3-2A-7D-CE-DF-BF-24">
      <ModulePath>J:\Projects\hippocampus-sql\bin\Debug\net451\win7-x64\NuGet.Frameworks.dll</ModulePath>
      <ModuleTime>2016-05-12T03:28:16Z</ModuleTime>
      <ModuleName>NuGet.Frameworks</ModuleName>
      <Classes />
    </Module>
    <Module skippedDueTo="Filter" hash="19-93-A5-5A-B9-CF-67-B8-4D-1B-28-77-7D-EE-4B-13-CD-42-28-D2">
      <ModulePath>J:\Projects\hippocampus-sql\bin\Debug\net451\win7-x64\System.Reflection.Metadata.dll</ModulePath>
      <ModuleTime>2016-04-27T00:19:04Z</ModuleTime>
      <ModuleName>System.Reflection.Metadata</ModuleName>
      <Classes />
    </Module>
    <Module skippedDueTo="Filter" hash="80-F1-27-EE-EC-CF-73-80-64-F1-24-F4-EB-2A-0A-95-BF-DA-78-B6">
      <ModulePath>C:\WINDOWS\Microsoft.Net\assembly\GAC_MSIL\System.Runtime\v4.0_4.0.0.0__b03f5f7f11d50a3a\System.Runtime.dll</ModulePath>
      <ModuleTime>2016-07-16T11:43:55.5773993Z</ModuleTime>
      <ModuleName>System.Runtime</ModuleName>
      <Classes />
    </Module>
    <Module skippedDueTo="Filter" hash="88-45-F0-9C-3C-9F-72-79-CB-6A-82-FA-D7-DB-C3-4A-59-80-3C-6B">
      <ModulePath>C:\WINDOWS\Microsoft.Net\assembly\GAC_MSIL\System.Xml\v4.0_4.0.0.0__b77a5c561934e089\System.Xml.dll</ModulePath>
      <ModuleTime>2016-07-16T11:43:55.4992744Z</ModuleTime>
      <ModuleName>System.Xml</ModuleName>
      <Classes />
    </Module>
    <Module skippedDueTo="Filter" hash="71-28-C8-7D-DE-E3-14-EE-03-2F-7A-B3-20-CD-CF-1A-5A-BB-F5-2C">
      <ModulePath>J:\Projects\hippocampus-sql\bin\Debug\net451\win7-x64\NuGet.Common.dll</ModulePath>
      <ModuleTime>2016-05-12T03:28:16Z</ModuleTime>
      <ModuleName>NuGet.Common</ModuleName>
      <Classes />
    </Module>
    <Module skippedDueTo="Filter" hash="FC-8D-46-61-67-0C-9D-C7-13-3E-76-4A-E6-AF-29-AF-E1-61-0A-93">
      <ModulePath>J:\Projects\hippocampus-sql\bin\Debug\net451\win7-x64\NuGet.Packaging.dll</ModulePath>
      <ModuleTime>2016-05-12T03:28:16Z</ModuleTime>
      <ModuleName>NuGet.Packaging</ModuleName>
      <Classes />
    </Module>
    <Module skippedDueTo="Filter" hash="6A-13-EA-50-48-26-E9-37-62-F5-22-27-14-94-0D-54-57-83-35-CE">
      <ModulePath>J:\Projects\hippocampus-sql\bin\Debug\net451\win7-x64\NuGet.Packaging.Core.dll</ModulePath>
      <ModuleTime>2016-05-12T03:28:16Z</ModuleTime>
      <ModuleName>NuGet.Packaging.Core</ModuleName>
      <Classes />
    </Module>
    <Module skippedDueTo="Filter" hash="BD-CA-4E-45-09-37-52-9A-74-1C-A1-09-F2-83-8E-FE-18-8D-8A-87">
      <ModulePath>J:\Projects\hippocampus-sql\bin\Debug\net451\win7-x64\NuGet.Packaging.Core.Types.dll</ModulePath>
      <ModuleTime>2016-05-12T03:28:16Z</ModuleTime>
      <ModuleName>NuGet.Packaging.Core.Types</ModuleName>
      <Classes />
    </Module>
    <Module skippedDueTo="Filter" hash="17-6B-CB-AA-DA-D7-09-6B-C4-B0-B3-59-E0-F1-42-AF-4D-BE-82-A4">
      <ModulePath>J:\Projects\hippocampus-sql\bin\Debug\net451\win7-x64\NuGet.RuntimeModel.dll</ModulePath>
      <ModuleTime>2016-05-12T03:28:16Z</ModuleTime>
      <ModuleName>NuGet.RuntimeModel</ModuleName>
      <Classes />
    </Module>
    <Module skippedDueTo="Filter" hash="28-68-66-4D-B3-93-A9-7C-08-08-76-BE-D0-6B-E3-E5-D5-3A-B2-30">
      <ModulePath>J:\Projects\hippocampus-sql\bin\Debug\net451\win7-x64\System.Collections.Immutable.dll</ModulePath>
      <ModuleTime>2016-04-27T00:18:48Z</ModuleTime>
      <ModuleName>System.Collections.Immutable</ModuleName>
      <Classes />
    </Module>
    <Module skippedDueTo="Filter" hash="D4-21-6C-02-8F-19-B8-14-90-0A-7B-C0-AE-73-B3-EE-DF-02-CD-CF">
      <ModulePath>C:\WINDOWS\Microsoft.Net\assembly\GAC_MSIL\System.IO\v4.0_4.0.0.0__b03f5f7f11d50a3a\System.IO.dll</ModulePath>
      <ModuleTime>2016-07-16T11:43:57.2805211Z</ModuleTime>
      <ModuleName>System.IO</ModuleName>
      <Classes />
    </Module>
    <Module skippedDueTo="Filter" hash="3F-D2-48-5D-BB-29-A7-43-A4-70-B7-B4-85-65-40-BD-17-60-23-D0">
      <ModulePath>C:\WINDOWS\Microsoft.Net\assembly\GAC_MSIL\System.Runtime.InteropServices\v4.0_4.0.0.0__b03f5f7f11d50a3a\System.Runtime.InteropServices.dll</ModulePath>
      <ModuleTime>2016-07-16T11:43:55.5930248Z</ModuleTime>
      <ModuleName>System.Runtime.InteropServices</ModuleName>
      <Classes />
    </Module>
    <Module skippedDueTo="Filter" hash="B0-27-34-ED-41-E0-9C-53-37-4D-FB-B4-60-39-84-52-AC-FB-A6-85">
      <ModulePath>C:\WINDOWS\Microsoft.Net\assembly\GAC_MSIL\System.Collections\v4.0_4.0.0.0__b03f5f7f11d50a3a\System.Collections.dll</ModulePath>
      <ModuleTime>2016-07-16T11:43:57.3273959Z</ModuleTime>
      <ModuleName>System.Collections</ModuleName>
      <Classes />
    </Module>
    <Module skippedDueTo="Filter" hash="AA-84-EA-4A-FD-23-17-44-E5-3B-73-2A-3D-B6-0E-17-EE-E1-53-6A">
      <ModulePath>J:\Projects\hippocampus-sql\bin\Debug\net451\win7-x64\xunit.runner.reporters.desktop.dll</ModulePath>
      <ModuleTime>2015-09-27T13:34:30Z</ModuleTime>
      <ModuleName>xunit.runner.reporters.desktop</ModuleName>
      <Classes />
    </Module>
    <Module skippedDueTo="Filter" hash="10-57-A7-EF-79-9A-41-A9-99-64-D8-4D-FD-F3-F2-D8-DF-89-08-EC">
      <ModulePath>C:\WINDOWS\Microsoft.Net\assembly\GAC_MSIL\System.Net.Http\v4.0_4.0.0.0__b03f5f7f11d50a3a\System.Net.Http.dll</ModulePath>
      <ModuleTime>2016-07-16T11:43:55.5773993Z</ModuleTime>
      <ModuleName>System.Net.Http</ModuleName>
      <Classes />
    </Module>
    <Module skippedDueTo="Filter" hash="55-AD-EE-D1-1C-53-49-75-E3-88-58-79-CF-B4-C2-5D-9B-C6-56-C1">
      <ModulePath>C:\WINDOWS\Microsoft.Net\assembly\GAC_64\System.Web\v4.0_4.0.0.0__b03f5f7f11d50a3a\System.Web.dll</ModulePath>
      <ModuleTime>2016-07-16T11:43:59.421142Z</ModuleTime>
      <ModuleName>System.Web</ModuleName>
      <Classes />
    </Module>
    <Module skippedDueTo="Filter" hash="83-29-FE-C7-E7-7A-90-21-8F-92-A4-B2-93-EC-A9-9B-7E-10-7C-E5">
      <ModulePath>C:\WINDOWS\Microsoft.Net\assembly\GAC_MSIL\System.Xml.Linq\v4.0_4.0.0.0__b77a5c561934e089\System.Xml.Linq.dll</ModulePath>
      <ModuleTime>2016-07-16T11:43:57.0930219Z</ModuleTime>
      <ModuleName>System.Xml.Linq</ModuleName>
      <Classes />
    </Module>
    <Module skippedDueTo="Filter" hash="E2-AA-91-B9-04-88-58-62-2E-03-BA-38-BC-3D-1A-04-4A-A1-5A-7D">
      <ModulePath>C:\WINDOWS\Microsoft.Net\assembly\GAC_MSIL\mscorlib.resources\v4.0_4.0.0.0_pt-BR_b77a5c561934e089\mscorlib.resources.dll</ModulePath>
      <ModuleTime>2016-09-22T08:22:10.7255331Z</ModuleTime>
      <ModuleName>mscorlib.resources</ModuleName>
      <Classes />
    </Module>
    <Module skippedDueTo="Filter" hash="51-60-07-3A-41-C0-01-C6-0C-80-56-7D-83-63-89-31-36-5F-A9-FE">
      <ModulePath>J:\Projects\hippocampus-sql\bin\Debug\net451\win7-x64\xunit.execution.desktop.dll</ModulePath>
      <ModuleTime>2015-09-27T13:34:28Z</ModuleTime>
      <ModuleName>xunit.execution.desktop</ModuleName>
      <Classes />
    </Module>
    <Module hash="D7-CF-CE-82-E2-37-D6-3D-DC-36-35-69-6B-A2-78-CB-B3-DB-8C-15">
      <Summary numSequencePoints="267" visitedSequencePoints="234" numBranchPoints="123" visitedBranchPoints="94" sequenceCoverage="87.64" branchCoverage="76.42" maxCyclomaticComplexity="12" minCyclomaticComplexity="1" visitedClasses="12" numClasses="14" visitedMethods="58" numMethods="71" />
      <ModulePath>J:\Projects\hippocampus-sql\bin\Debug\net451\win7-x64\hippocampus-sql.dll</ModulePath>
      <ModuleTime>2017-01-16T11:54:38.7813435Z</ModuleTime>
      <ModuleName>hippocampus-sql</ModuleName>
      <Files>
        <File uid="1" fullPath="J:\Projects\hippocampus-sql\ClassMetadataCache.cs" />
        <File uid="2" fullPath="J:\Projects\hippocampus-sql\Tests\SqlBuilderTests.cs" />
        <File uid="3" fullPath="J:\Projects\hippocampus-sql\Tests\TestClass.cs" />
        <File uid="4" fullPath="J:\Projects\hippocampus-sql\Services\SqlBuilder.cs" />
        <File uid="9" fullPath="J:\Projects\hippocampus-sql\Services\SqlQuery.cs" />
        <File uid="10" fullPath="J:\Projects\hippocampus-sql\Model\TableInfo.cs" />
        <File uid="11" fullPath="J:\Projects\hippocampus-sql\Definitions\SelectDefinition.cs" />
        <File uid="13" fullPath="J:\Projects\hippocampus-sql\Definitions\WhereDefinition.cs" />
      </Files>
      <Classes>
        <Class>
          <Summary numSequencePoints="0" visitedSequencePoints="0" numBranchPoints="0" visitedBranchPoints="0" sequenceCoverage="0" branchCoverage="0" maxCyclomaticComplexity="0" minCyclomaticComplexity="0" visitedClasses="0" numClasses="0" visitedMethods="0" numMethods="0" />
          <FullName>&lt;Module&gt;</FullName>
          <Methods />
        </Class>
        <Class>
          <Summary numSequencePoints="27" visitedSequencePoints="25" numBranchPoints="14" visitedBranchPoints="10" sequenceCoverage="92.59" branchCoverage="71.43" maxCyclomaticComplexity="7" minCyclomaticComplexity="1" visitedClasses="1" numClasses="1" visitedMethods="5" numMethods="6" />
          <FullName>HippocampusSql.ClassMetadataCache</FullName>
          <Methods>
            <Method visited="true" cyclomaticComplexity="1" nPathComplexity="0" sequenceCoverage="100" branchCoverage="100" isConstructor="false" isStatic="false" isGetter="true" isSetter="false">
              <Summary numSequencePoints="1" visitedSequencePoints="1" numBranchPoints="1" visitedBranchPoints="1" sequenceCoverage="100" branchCoverage="100" maxCyclomaticComplexity="1" minCyclomaticComplexity="1" visitedClasses="0" numClasses="0" visitedMethods="1" numMethods="1" />
              <MetadataToken>100663298</MetadataToken>
              <Name>System.Collections.Generic.List`1&lt;System.String&gt; HippocampusSql.ClassMetadataCache::get_Columns()</Name>
              <FileRef uid="1" />
              <SequencePoints>
                <SequencePoint vc="16" uspid="1" ordinal="0" offset="0" sl="46" sc="39" el="46" ec="43" bec="0" bev="0" fileid="1" />
              </SequencePoints>
              <BranchPoints />
              <MethodPoint xsi:type="SequencePoint" vc="16" uspid="1" ordinal="0" offset="0" sl="46" sc="39" el="46" ec="43" bec="0" bev="0" fileid="1" />
            </Method>
            <Method visited="true" cyclomaticComplexity="1" nPathComplexity="0" sequenceCoverage="100" branchCoverage="100" isConstructor="false" isStatic="false" isGetter="true" isSetter="false">
              <Summary numSequencePoints="1" visitedSequencePoints="1" numBranchPoints="1" visitedBranchPoints="1" sequenceCoverage="100" branchCoverage="100" maxCyclomaticComplexity="1" minCyclomaticComplexity="1" visitedClasses="0" numClasses="0" visitedMethods="1" numMethods="1" />
              <MetadataToken>100663299</MetadataToken>
              <Name>System.Collections.Generic.List`1&lt;System.String&gt; HippocampusSql.ClassMetadataCache::get_Keys()</Name>
              <FileRef uid="1" />
              <SequencePoints>
                <SequencePoint vc="5" uspid="2" ordinal="0" offset="0" sl="51" sc="36" el="51" ec="40" bec="0" bev="0" fileid="1" />
              </SequencePoints>
              <BranchPoints />
              <MethodPoint xsi:type="SequencePoint" vc="5" uspid="2" ordinal="0" offset="0" sl="51" sc="36" el="51" ec="40" bec="0" bev="0" fileid="1" />
            </Method>
            <Method visited="true" cyclomaticComplexity="1" nPathComplexity="0" sequenceCoverage="100" branchCoverage="100" isConstructor="false" isStatic="false" isGetter="true" isSetter="false">
              <Summary numSequencePoints="1" visitedSequencePoints="1" numBranchPoints="1" visitedBranchPoints="1" sequenceCoverage="100" branchCoverage="100" maxCyclomaticComplexity="1" minCyclomaticComplexity="1" visitedClasses="0" numClasses="0" visitedMethods="1" numMethods="1" />
              <MetadataToken>100663300</MetadataToken>
              <Name>HippocampusSql.Model.TableInformation HippocampusSql.ClassMetadataCache::get_TableInfo()</Name>
              <FileRef uid="1" />
              <SequencePoints>
                <SequencePoint vc="11" uspid="3" ordinal="0" offset="0" sl="56" sc="45" el="56" ec="49" bec="0" bev="0" fileid="1" />
              </SequencePoints>
              <BranchPoints />
              <MethodPoint xsi:type="SequencePoint" vc="11" uspid="3" ordinal="0" offset="0" sl="56" sc="45" el="56" ec="49" bec="0" bev="0" fileid="1" />
            </Method>
            <Method visited="true" cyclomaticComplexity="1" nPathComplexity="0" sequenceCoverage="100" branchCoverage="100" isConstructor="false" isStatic="false" isGetter="true" isSetter="false">
              <Summary numSequencePoints="1" visitedSequencePoints="1" numBranchPoints="1" visitedBranchPoints="1" sequenceCoverage="100" branchCoverage="100" maxCyclomaticComplexity="1" minCyclomaticComplexity="1" visitedClasses="0" numClasses="0" visitedMethods="1" numMethods="1" />
              <MetadataToken>100663301</MetadataToken>
              <Name>System.Collections.Generic.IEnumerable`1&lt;System.String&gt; HippocampusSql.ClassMetadataCache::HippocampusSql.Interfaces.IClassMetadataCache.get_Columns()</Name>
              <FileRef uid="1" />
              <SequencePoints>
                <SequencePoint vc="6" uspid="4" ordinal="0" offset="0" sl="59" sc="16" el="59" ec="23" bec="0" bev="0" fileid="1" />
              </SequencePoints>
              <BranchPoints />
              <MethodPoint xsi:type="SequencePoint" vc="6" uspid="4" ordinal="0" offset="0" sl="59" sc="16" el="59" ec="23" bec="0" bev="0" fileid="1" />
            </Method>
            <Method visited="false" cyclomaticComplexity="1" nPathComplexity="0" sequenceCoverage="0" branchCoverage="0" isConstructor="false" isStatic="false" isGetter="true" isSetter="false">
              <Summary numSequencePoints="1" visitedSequencePoints="0" numBranchPoints="1" visitedBranchPoints="0" sequenceCoverage="0" branchCoverage="0" maxCyclomaticComplexity="1" minCyclomaticComplexity="1" visitedClasses="0" numClasses="0" visitedMethods="0" numMethods="1" />
              <MetadataToken>100663302</MetadataToken>
              <Name>System.Collections.Generic.IEnumerable`1&lt;System.String&gt; HippocampusSql.ClassMetadataCache::HippocampusSql.Interfaces.IClassMetadataCache.get_Keys()</Name>
              <FileRef uid="1" />
              <SequencePoints>
                <SequencePoint vc="0" uspid="5" ordinal="0" offset="0" sl="62" sc="16" el="62" ec="20" bec="0" bev="0" fileid="1" />
              </SequencePoints>
              <BranchPoints />
              <MethodPoint xsi:type="SequencePoint" vc="0" uspid="5" ordinal="0" offset="0" sl="62" sc="16" el="62" ec="20" bec="0" bev="0" fileid="1" />
            </Method>
            <Method visited="true" cyclomaticComplexity="7" nPathComplexity="16" sequenceCoverage="95.45" branchCoverage="66.67" isConstructor="true" isStatic="false" isGetter="false" isSetter="false">
              <Summary numSequencePoints="22" visitedSequencePoints="21" numBranchPoints="9" visitedBranchPoints="6" sequenceCoverage="95.45" branchCoverage="66.67" maxCyclomaticComplexity="7" minCyclomaticComplexity="7" visitedClasses="0" numClasses="0" visitedMethods="1" numMethods="1" />
              <MetadataToken>100663297</MetadataToken>
              <Name>System.Void HippocampusSql.ClassMetadataCache::.ctor(System.Type)</Name>
              <FileRef uid="1" />
              <SequencePoints>
                <SequencePoint vc="5" uspid="6" ordinal="0" offset="0" sl="46" sc="48" el="46" ec="66" bec="0" bev="0" fileid="1" />
                <SequencePoint vc="5" uspid="7" ordinal="1" offset="11" sl="51" sc="45" el="51" ec="63" bec="0" bev="0" fileid="1" />
                <SequencePoint vc="5" uspid="8" ordinal="2" offset="22" sl="20" sc="9" el="20" ec="45" bec="0" bev="0" fileid="1" />
                <SequencePoint vc="5" uspid="9" ordinal="3" offset="29" sl="21" sc="9" el="21" ec="10" bec="0" bev="0" fileid="1" />
                <SequencePoint vc="5" uspid="10" ordinal="4" offset="30" sl="22" sc="13" el="22" ec="46" bec="0" bev="0" fileid="1" />
                <SequencePoint vc="5" uspid="11" ordinal="5" offset="37" sl="23" sc="13" el="23" ec="67" bec="0" bev="0" fileid="1" />
                <SequencePoint vc="5" uspid="12" ordinal="6" offset="44" sl="25" sc="13" el="25" ec="31" bec="2" bev="1" fileid="1" />
                <SequencePoint vc="0" uspid="13" ordinal="7" offset="52" sl="26" sc="17" el="26" ec="61" bec="0" bev="0" fileid="1" />
                <SequencePoint vc="5" uspid="14" ordinal="8" offset="73" sl="28" sc="17" el="28" ec="76" bec="0" bev="0" fileid="1" />
                <SequencePoint vc="5" uspid="15" ordinal="9" offset="97" sl="30" sc="13" el="30" ec="20" bec="0" bev="0" fileid="1" />
                <SequencePoint vc="5" uspid="16" ordinal="10" offset="98" sl="30" sc="34" el="30" ec="39" bec="0" bev="0" fileid="1" />
                <SequencePoint vc="10" uspid="17" ordinal="11" offset="105" sl="30" sc="22" el="30" ec="30" bec="0" bev="0" fileid="1" />
                <SequencePoint vc="10" uspid="18" ordinal="12" offset="111" sl="31" sc="13" el="31" ec="14" bec="0" bev="0" fileid="1" />
                <SequencePoint vc="10" uspid="19" ordinal="13" offset="112" sl="32" sc="17" el="32" ec="83" bec="0" bev="0" fileid="1" />
                <SequencePoint vc="10" uspid="20" ordinal="14" offset="134" sl="33" sc="17" el="33" ec="100" bec="0" bev="0" fileid="1" />
                <SequencePoint vc="10" uspid="21" ordinal="15" offset="158" sl="35" sc="17" el="35" ec="58" bec="4" bev="2" fileid="1" />
                <SequencePoint vc="10" uspid="22" ordinal="16" offset="185" sl="37" sc="17" el="37" ec="27" bec="2" bev="2" fileid="1" />
                <SequencePoint vc="5" uspid="23" ordinal="17" offset="193" sl="38" sc="21" el="38" ec="36" bec="0" bev="0" fileid="1" />
                <SequencePoint vc="10" uspid="24" ordinal="18" offset="207" sl="39" sc="17" el="39" ec="35" bec="0" bev="0" fileid="1" />
                <SequencePoint vc="10" uspid="25" ordinal="19" offset="221" sl="40" sc="13" el="40" ec="14" bec="0" bev="0" fileid="1" />
                <SequencePoint vc="15" uspid="26" ordinal="20" offset="228" sl="30" sc="31" el="30" ec="33" bec="0" bev="0" fileid="1" />
                <SequencePoint vc="5" uspid="27" ordinal="21" offset="238" sl="41" sc="9" el="41" ec="10" bec="0" bev="0" fileid="1" />
              </SequencePoints>
              <BranchPoints>
                <BranchPoint vc="0" uspid="28" ordinal="0" offset="50" sl="25" path="0" offsetend="52" fileid="1" />
                <BranchPoint vc="5" uspid="29" ordinal="1" offset="50" sl="25" path="1" offsetend="73" fileid="1" />
                <BranchPoint vc="0" uspid="30" ordinal="2" offset="160" sl="35" path="0" offsetend="162" fileid="1" />
                <BranchPoint vc="10" uspid="31" ordinal="3" offset="160" sl="35" path="1" offsetend="165" fileid="1" />
                <BranchPoint vc="10" uspid="32" ordinal="4" offset="173" sl="35" path="0" offsetend="175" fileid="1" />
                <BranchPoint vc="0" uspid="33" ordinal="5" offset="173" sl="35" path="1" offsetend="183" fileid="1" />
                <BranchPoint vc="5" uspid="34" ordinal="6" offset="191" sl="37" path="0" offsetend="193" fileid="1" />
                <BranchPoint vc="5" uspid="35" ordinal="7" offset="191" sl="37" path="1" offsetend="207" fileid="1" />
              </BranchPoints>
              <MethodPoint xsi:type="SequencePoint" vc="5" uspid="6" ordinal="0" offset="0" sl="46" sc="48" el="46" ec="66" bec="0" bev="0" fileid="1" />
            </Method>
          </Methods>
        </Class>
        <Class>
          <Summary numSequencePoints="0" visitedSequencePoints="0" numBranchPoints="0" visitedBranchPoints="0" sequenceCoverage="0" branchCoverage="0" maxCyclomaticComplexity="1" minCyclomaticComplexity="1" visitedClasses="0" numClasses="0" visitedMethods="0" numMethods="0" />
          <FullName>HippocampusSql.SqlKeyWords</FullName>
          <Methods>
            <Method visited="false" cyclomaticComplexity="1" nPathComplexity="0" sequenceCoverage="0" branchCoverage="0" isConstructor="true" isStatic="false" isGetter="false" isSetter="false">
              <Summary numSequencePoints="0" visitedSequencePoints="0" numBranchPoints="0" visitedBranchPoints="0" sequenceCoverage="0" branchCoverage="0" maxCyclomaticComplexity="1" minCyclomaticComplexity="1" visitedClasses="0" numClasses="0" visitedMethods="0" numMethods="0" />
              <MetadataToken>100663303</MetadataToken>
              <Name>System.Void HippocampusSql.SqlKeyWords::.ctor()</Name>
              <SequencePoints />
              <BranchPoints />
              <MethodPoint vc="0" uspid="38" ordinal="0" offset="0" />
            </Method>
          </Methods>
        </Class>
        <Class>
          <Summary numSequencePoints="35" visitedSequencePoints="35" numBranchPoints="5" visitedBranchPoints="5" sequenceCoverage="100" branchCoverage="100" maxCyclomaticComplexity="1" minCyclomaticComplexity="1" visitedClasses="1" numClasses="1" visitedMethods="5" numMethods="5" />
          <FullName>HippocampusSql.Tests.SqlBuilderTests</FullName>
          <Methods>
            <Method visited="true" cyclomaticComplexity="1" nPathComplexity="0" sequenceCoverage="100" branchCoverage="100" isConstructor="false" isStatic="false" isGetter="false" isSetter="false">
              <Summary numSequencePoints="7" visitedSequencePoints="7" numBranchPoints="1" visitedBranchPoints="1" sequenceCoverage="100" branchCoverage="100" maxCyclomaticComplexity="1" minCyclomaticComplexity="1" visitedClasses="0" numClasses="0" visitedMethods="1" numMethods="1" />
              <MetadataToken>100663304</MetadataToken>
              <Name>System.Void HippocampusSql.Tests.SqlBuilderTests::CanGenerateWhere()</Name>
              <FileRef uid="2" />
              <SequencePoints>
                <SequencePoint vc="1" uspid="39" ordinal="0" offset="0" sl="18" sc="9" el="18" ec="10" bec="0" bev="0" fileid="2" />
                <SequencePoint vc="1" uspid="40" ordinal="1" offset="1" sl="19" sc="13" el="19" ec="58" bec="0" bev="0" fileid="2" />
                <SequencePoint vc="1" uspid="41" ordinal="2" offset="8" sl="21" sc="13" el="23" ec="54" bec="0" bev="0" fileid="2" />
                <SequencePoint vc="1" uspid="42" ordinal="3" offset="117" sl="28" sc="13" el="28" ec="35" bec="0" bev="0" fileid="2" />
                <SequencePoint vc="1" uspid="43" ordinal="4" offset="124" sl="29" sc="13" el="29" ec="36" bec="0" bev="0" fileid="2" />
                <SequencePoint vc="1" uspid="44" ordinal="5" offset="131" sl="30" sc="13" el="30" ec="61" bec="0" bev="0" fileid="2" />
                <SequencePoint vc="1" uspid="45" ordinal="6" offset="146" sl="31" sc="9" el="31" ec="10" bec="0" bev="0" fileid="2" />
              </SequencePoints>
              <BranchPoints />
              <MethodPoint xsi:type="SequencePoint" vc="1" uspid="39" ordinal="0" offset="0" sl="18" sc="9" el="18" ec="10" bec="0" bev="0" fileid="2" />
            </Method>
            <Method visited="true" cyclomaticComplexity="1" nPathComplexity="0" sequenceCoverage="100" branchCoverage="100" isConstructor="false" isStatic="false" isGetter="false" isSetter="false">
              <Summary numSequencePoints="7" visitedSequencePoints="7" numBranchPoints="1" visitedBranchPoints="1" sequenceCoverage="100" branchCoverage="100" maxCyclomaticComplexity="1" minCyclomaticComplexity="1" visitedClasses="0" numClasses="0" visitedMethods="1" numMethods="1" />
              <MetadataToken>100663305</MetadataToken>
              <Name>System.Void HippocampusSql.Tests.SqlBuilderTests::CanGenerateWhereWithConcatenation()</Name>
              <FileRef uid="2" />
              <SequencePoints>
                <SequencePoint vc="1" uspid="46" ordinal="0" offset="0" sl="39" sc="9" el="39" ec="10" bec="0" bev="0" fileid="2" />
                <SequencePoint vc="1" uspid="47" ordinal="1" offset="1" sl="40" sc="13" el="40" ec="58" bec="0" bev="0" fileid="2" />
                <SequencePoint vc="1" uspid="48" ordinal="2" offset="8" sl="42" sc="13" el="44" ec="72" bec="0" bev="0" fileid="2" />
                <SequencePoint vc="1" uspid="49" ordinal="3" offset="164" sl="50" sc="13" el="50" ec="35" bec="0" bev="0" fileid="2" />
                <SequencePoint vc="1" uspid="50" ordinal="4" offset="171" sl="51" sc="13" el="51" ec="36" bec="0" bev="0" fileid="2" />
                <SequencePoint vc="1" uspid="51" ordinal="5" offset="178" sl="52" sc="13" el="52" ec="61" bec="0" bev="0" fileid="2" />
                <SequencePoint vc="1" uspid="52" ordinal="6" offset="193" sl="53" sc="9" el="53" ec="10" bec="0" bev="0" fileid="2" />
              </SequencePoints>
              <BranchPoints />
              <MethodPoint xsi:type="SequencePoint" vc="1" uspid="46" ordinal="0" offset="0" sl="39" sc="9" el="39" ec="10" bec="0" bev="0" fileid="2" />
            </Method>
            <Method visited="true" cyclomaticComplexity="1" nPathComplexity="0" sequenceCoverage="100" branchCoverage="100" isConstructor="false" isStatic="false" isGetter="false" isSetter="false">
              <Summary numSequencePoints="7" visitedSequencePoints="7" numBranchPoints="1" visitedBranchPoints="1" sequenceCoverage="100" branchCoverage="100" maxCyclomaticComplexity="1" minCyclomaticComplexity="1" visitedClasses="0" numClasses="0" visitedMethods="1" numMethods="1" />
              <MetadataToken>100663306</MetadataToken>
              <Name>System.Void HippocampusSql.Tests.SqlBuilderTests::CanGenerateWhereWithFluentConcatenation()</Name>
              <FileRef uid="2" />
              <SequencePoints>
                <SequencePoint vc="1" uspid="53" ordinal="0" offset="0" sl="61" sc="9" el="61" ec="10" bec="0" bev="0" fileid="2" />
                <SequencePoint vc="1" uspid="54" ordinal="1" offset="1" sl="62" sc="13" el="62" ec="58" bec="0" bev="0" fileid="2" />
                <SequencePoint vc="1" uspid="55" ordinal="2" offset="8" sl="64" sc="13" el="68" ec="32" bec="0" bev="0" fileid="2" />
                <SequencePoint vc="1" uspid="56" ordinal="3" offset="200" sl="74" sc="13" el="74" ec="35" bec="0" bev="0" fileid="2" />
                <SequencePoint vc="1" uspid="57" ordinal="4" offset="207" sl="75" sc="13" el="75" ec="36" bec="0" bev="0" fileid="2" />
                <SequencePoint vc="1" uspid="58" ordinal="5" offset="214" sl="76" sc="13" el="76" ec="61" bec="0" bev="0" fileid="2" />
                <SequencePoint vc="1" uspid="59" ordinal="6" offset="229" sl="77" sc="9" el="77" ec="10" bec="0" bev="0" fileid="2" />
              </SequencePoints>
              <BranchPoints />
              <MethodPoint xsi:type="SequencePoint" vc="1" uspid="53" ordinal="0" offset="0" sl="61" sc="9" el="61" ec="10" bec="0" bev="0" fileid="2" />
            </Method>
            <Method visited="true" cyclomaticComplexity="1" nPathComplexity="0" sequenceCoverage="100" branchCoverage="100" isConstructor="false" isStatic="false" isGetter="false" isSetter="false">
              <Summary numSequencePoints="7" visitedSequencePoints="7" numBranchPoints="1" visitedBranchPoints="1" sequenceCoverage="100" branchCoverage="100" maxCyclomaticComplexity="1" minCyclomaticComplexity="1" visitedClasses="0" numClasses="0" visitedMethods="1" numMethods="1" />
              <MetadataToken>100663307</MetadataToken>
              <Name>System.Void HippocampusSql.Tests.SqlBuilderTests::CanGenerateSelectOfOneColumn()</Name>
              <FileRef uid="2" />
              <SequencePoints>
                <SequencePoint vc="1" uspid="60" ordinal="0" offset="0" sl="86" sc="9" el="86" ec="10" bec="0" bev="0" fileid="2" />
                <SequencePoint vc="1" uspid="61" ordinal="1" offset="1" sl="87" sc="13" el="87" ec="58" bec="0" bev="0" fileid="2" />
                <SequencePoint vc="1" uspid="62" ordinal="2" offset="8" sl="89" sc="13" el="94" ec="32" bec="0" bev="0" fileid="2" />
                <SequencePoint vc="1" uspid="63" ordinal="3" offset="125" sl="96" sc="13" el="96" ec="33" bec="0" bev="0" fileid="2" />
                <SequencePoint vc="1" uspid="64" ordinal="4" offset="132" sl="97" sc="13" el="97" ec="34" bec="0" bev="0" fileid="2" />
                <SequencePoint vc="1" uspid="65" ordinal="5" offset="139" sl="98" sc="13" el="98" ec="76" bec="0" bev="0" fileid="2" />
                <SequencePoint vc="1" uspid="66" ordinal="6" offset="154" sl="99" sc="9" el="99" ec="10" bec="0" bev="0" fileid="2" />
              </SequencePoints>
              <BranchPoints />
              <MethodPoint xsi:type="SequencePoint" vc="1" uspid="60" ordinal="0" offset="0" sl="86" sc="9" el="86" ec="10" bec="0" bev="0" fileid="2" />
            </Method>
            <Method visited="true" cyclomaticComplexity="1" nPathComplexity="0" sequenceCoverage="100" branchCoverage="100" isConstructor="false" isStatic="false" isGetter="false" isSetter="false">
              <Summary numSequencePoints="7" visitedSequencePoints="7" numBranchPoints="1" visitedBranchPoints="1" sequenceCoverage="100" branchCoverage="100" maxCyclomaticComplexity="1" minCyclomaticComplexity="1" visitedClasses="0" numClasses="0" visitedMethods="1" numMethods="1" />
              <MetadataToken>100663308</MetadataToken>
              <Name>System.Void HippocampusSql.Tests.SqlBuilderTests::CanGenerateSelectWithWildCard()</Name>
              <FileRef uid="2" />
              <SequencePoints>
                <SequencePoint vc="1" uspid="67" ordinal="0" offset="0" sl="108" sc="9" el="108" ec="10" bec="0" bev="0" fileid="2" />
                <SequencePoint vc="1" uspid="68" ordinal="1" offset="1" sl="109" sc="13" el="109" ec="58" bec="0" bev="0" fileid="2" />
                <SequencePoint vc="1" uspid="69" ordinal="2" offset="8" sl="111" sc="13" el="113" ec="32" bec="0" bev="0" fileid="2" />
                <SequencePoint vc="1" uspid="70" ordinal="3" offset="29" sl="115" sc="13" el="115" ec="33" bec="0" bev="0" fileid="2" />
                <SequencePoint vc="1" uspid="71" ordinal="4" offset="36" sl="116" sc="13" el="116" ec="34" bec="0" bev="0" fileid="2" />
                <SequencePoint vc="1" uspid="72" ordinal="5" offset="43" sl="117" sc="13" el="117" ec="75" bec="0" bev="0" fileid="2" />
                <SequencePoint vc="1" uspid="73" ordinal="6" offset="58" sl="118" sc="9" el="118" ec="10" bec="0" bev="0" fileid="2" />
              </SequencePoints>
              <BranchPoints />
              <MethodPoint xsi:type="SequencePoint" vc="1" uspid="67" ordinal="0" offset="0" sl="108" sc="9" el="108" ec="10" bec="0" bev="0" fileid="2" />
            </Method>
            <Method visited="true" cyclomaticComplexity="1" nPathComplexity="0" sequenceCoverage="0" branchCoverage="0" isConstructor="true" isStatic="false" isGetter="false" isSetter="false">
              <Summary numSequencePoints="0" visitedSequencePoints="0" numBranchPoints="0" visitedBranchPoints="0" sequenceCoverage="0" branchCoverage="0" maxCyclomaticComplexity="1" minCyclomaticComplexity="1" visitedClasses="0" numClasses="0" visitedMethods="0" numMethods="0" />
              <MetadataToken>100663309</MetadataToken>
              <Name>System.Void HippocampusSql.Tests.SqlBuilderTests::.ctor()</Name>
              <SequencePoints />
              <BranchPoints />
              <MethodPoint vc="5" uspid="74" ordinal="0" offset="0" />
            </Method>
          </Methods>
        </Class>
        <Class>
          <Summary numSequencePoints="4" visitedSequencePoints="0" numBranchPoints="4" visitedBranchPoints="0" sequenceCoverage="0" branchCoverage="0" maxCyclomaticComplexity="1" minCyclomaticComplexity="1" visitedClasses="0" numClasses="1" visitedMethods="0" numMethods="4" />
          <FullName>HippocampusSql.Tests.TestClass</FullName>
          <Methods>
            <Method visited="false" cyclomaticComplexity="1" nPathComplexity="0" sequenceCoverage="0" branchCoverage="0" isConstructor="false" isStatic="false" isGetter="true" isSetter="false">
              <Summary numSequencePoints="1" visitedSequencePoints="0" numBranchPoints="1" visitedBranchPoints="0" sequenceCoverage="0" branchCoverage="0" maxCyclomaticComplexity="1" minCyclomaticComplexity="1" visitedClasses="0" numClasses="0" visitedMethods="0" numMethods="1" />
              <MetadataToken>100663310</MetadataToken>
              <Name>System.Int32 HippocampusSql.Tests.TestClass::get_Id()</Name>
              <FileRef uid="3" />
              <SequencePoints>
                <SequencePoint vc="0" uspid="75" ordinal="0" offset="0" sl="10" sc="25" el="10" ec="29" bec="0" bev="0" fileid="3" />
              </SequencePoints>
              <BranchPoints />
              <MethodPoint xsi:type="SequencePoint" vc="0" uspid="75" ordinal="0" offset="0" sl="10" sc="25" el="10" ec="29" bec="0" bev="0" fileid="3" />
            </Method>
            <Method visited="false" cyclomaticComplexity="1" nPathComplexity="0" sequenceCoverage="0" branchCoverage="0" isConstructor="false" isStatic="false" isGetter="false" isSetter="true">
              <Summary numSequencePoints="1" visitedSequencePoints="0" numBranchPoints="1" visitedBranchPoints="0" sequenceCoverage="0" branchCoverage="0" maxCyclomaticComplexity="1" minCyclomaticComplexity="1" visitedClasses="0" numClasses="0" visitedMethods="0" numMethods="1" />
              <MetadataToken>100663311</MetadataToken>
              <Name>System.Void HippocampusSql.Tests.TestClass::set_Id(System.Int32)</Name>
              <FileRef uid="3" />
              <SequencePoints>
                <SequencePoint vc="0" uspid="76" ordinal="0" offset="0" sl="10" sc="30" el="10" ec="34" bec="0" bev="0" fileid="3" />
              </SequencePoints>
              <BranchPoints />
              <MethodPoint xsi:type="SequencePoint" vc="0" uspid="76" ordinal="0" offset="0" sl="10" sc="30" el="10" ec="34" bec="0" bev="0" fileid="3" />
            </Method>
            <Method visited="false" cyclomaticComplexity="1" nPathComplexity="0" sequenceCoverage="0" branchCoverage="0" isConstructor="false" isStatic="false" isGetter="true" isSetter="false">
              <Summary numSequencePoints="1" visitedSequencePoints="0" numBranchPoints="1" visitedBranchPoints="0" sequenceCoverage="0" branchCoverage="0" maxCyclomaticComplexity="1" minCyclomaticComplexity="1" visitedClasses="0" numClasses="0" visitedMethods="0" numMethods="1" />
              <MetadataToken>100663312</MetadataToken>
              <Name>System.String HippocampusSql.Tests.TestClass::get_Name()</Name>
              <FileRef uid="3" />
              <SequencePoints>
                <SequencePoint vc="0" uspid="77" ordinal="0" offset="0" sl="13" sc="30" el="13" ec="34" bec="0" bev="0" fileid="3" />
              </SequencePoints>
              <BranchPoints />
              <MethodPoint xsi:type="SequencePoint" vc="0" uspid="77" ordinal="0" offset="0" sl="13" sc="30" el="13" ec="34" bec="0" bev="0" fileid="3" />
            </Method>
            <Method visited="false" cyclomaticComplexity="1" nPathComplexity="0" sequenceCoverage="0" branchCoverage="0" isConstructor="false" isStatic="false" isGetter="false" isSetter="true">
              <Summary numSequencePoints="1" visitedSequencePoints="0" numBranchPoints="1" visitedBranchPoints="0" sequenceCoverage="0" branchCoverage="0" maxCyclomaticComplexity="1" minCyclomaticComplexity="1" visitedClasses="0" numClasses="0" visitedMethods="0" numMethods="1" />
              <MetadataToken>100663313</MetadataToken>
              <Name>System.Void HippocampusSql.Tests.TestClass::set_Name(System.String)</Name>
              <FileRef uid="3" />
              <SequencePoints>
                <SequencePoint vc="0" uspid="78" ordinal="0" offset="0" sl="13" sc="35" el="13" ec="39" bec="0" bev="0" fileid="3" />
              </SequencePoints>
              <BranchPoints />
              <MethodPoint xsi:type="SequencePoint" vc="0" uspid="78" ordinal="0" offset="0" sl="13" sc="35" el="13" ec="39" bec="0" bev="0" fileid="3" />
            </Method>
            <Method visited="false" cyclomaticComplexity="1" nPathComplexity="0" sequenceCoverage="0" branchCoverage="0" isConstructor="true" isStatic="false" isGetter="false" isSetter="false">
              <Summary numSequencePoints="0" visitedSequencePoints="0" numBranchPoints="0" visitedBranchPoints="0" sequenceCoverage="0" branchCoverage="0" maxCyclomaticComplexity="1" minCyclomaticComplexity="1" visitedClasses="0" numClasses="0" visitedMethods="0" numMethods="0" />
              <MetadataToken>100663314</MetadataToken>
              <Name>System.Void HippocampusSql.Tests.TestClass::.ctor()</Name>
              <SequencePoints />
              <BranchPoints />
              <MethodPoint vc="0" uspid="79" ordinal="0" offset="0" />
            </Method>
          </Methods>
        </Class>
        <Class>
          <Summary numSequencePoints="112" visitedSequencePoints="91" numBranchPoints="50" visitedBranchPoints="36" sequenceCoverage="81.25" branchCoverage="72" maxCyclomaticComplexity="12" minCyclomaticComplexity="1" visitedClasses="1" numClasses="1" visitedMethods="12" numMethods="16" />
          <FullName>HippocampusSql.Services.SqlBuilder`1</FullName>
          <Methods>
            <Method visited="true" cyclomaticComplexity="1" nPathComplexity="0" sequenceCoverage="100" branchCoverage="100" isConstructor="false" isStatic="false" isGetter="true" isSetter="false">
              <Summary numSequencePoints="1" visitedSequencePoints="1" numBranchPoints="1" visitedBranchPoints="1" sequenceCoverage="100" branchCoverage="100" maxCyclomaticComplexity="1" minCyclomaticComplexity="1" visitedClasses="0" numClasses="0" visitedMethods="1" numMethods="1" />
              <MetadataToken>100663315</MetadataToken>
              <Name>HippocampusSql.Interfaces.ISqlQuery HippocampusSql.Services.SqlBuilder`1::get__query()</Name>
              <FileRef uid="4" />
              <SequencePoints>
                <SequencePoint vc="44" uspid="80" ordinal="0" offset="0" sl="19" sc="36" el="19" ec="40" bec="0" bev="0" fileid="4" />
              </SequencePoints>
              <BranchPoints />
              <MethodPoint xsi:type="SequencePoint" vc="44" uspid="80" ordinal="0" offset="0" sl="19" sc="36" el="19" ec="40" bec="0" bev="0" fileid="4" />
            </Method>
            <Method visited="true" cyclomaticComplexity="1" nPathComplexity="0" sequenceCoverage="100" branchCoverage="100" isConstructor="false" isStatic="false" isGetter="true" isSetter="false">
              <Summary numSequencePoints="1" visitedSequencePoints="1" numBranchPoints="1" visitedBranchPoints="1" sequenceCoverage="100" branchCoverage="100" maxCyclomaticComplexity="1" minCyclomaticComplexity="1" visitedClasses="0" numClasses="0" visitedMethods="1" numMethods="1" />
              <MetadataToken>100663316</MetadataToken>
              <Name>System.Boolean HippocampusSql.Services.SqlBuilder`1::get_Beautify()</Name>
              <FileRef uid="4" />
              <SequencePoints>
                <SequencePoint vc="5" uspid="81" ordinal="0" offset="0" sl="24" sc="32" el="24" ec="36" bec="0" bev="0" fileid="4" />
              </SequencePoints>
              <BranchPoints />
              <MethodPoint xsi:type="SequencePoint" vc="5" uspid="81" ordinal="0" offset="0" sl="24" sc="32" el="24" ec="36" bec="0" bev="0" fileid="4" />
            </Method>
            <Method visited="true" cyclomaticComplexity="1" nPathComplexity="0" sequenceCoverage="100" branchCoverage="100" isConstructor="false" isStatic="false" isGetter="false" isSetter="true">
              <Summary numSequencePoints="1" visitedSequencePoints="1" numBranchPoints="1" visitedBranchPoints="1" sequenceCoverage="100" branchCoverage="100" maxCyclomaticComplexity="1" minCyclomaticComplexity="1" visitedClasses="0" numClasses="0" visitedMethods="1" numMethods="1" />
              <MetadataToken>100663317</MetadataToken>
              <Name>System.Void HippocampusSql.Services.SqlBuilder`1::set_Beautify(System.Boolean)</Name>
              <FileRef uid="4" />
              <SequencePoints>
                <SequencePoint vc="5" uspid="82" ordinal="0" offset="0" sl="24" sc="37" el="24" ec="41" bec="0" bev="0" fileid="4" />
              </SequencePoints>
              <BranchPoints />
              <MethodPoint xsi:type="SequencePoint" vc="5" uspid="82" ordinal="0" offset="0" sl="24" sc="37" el="24" ec="41" bec="0" bev="0" fileid="4" />
            </Method>
            <Method visited="true" cyclomaticComplexity="1" nPathComplexity="0" sequenceCoverage="100" branchCoverage="100" isConstructor="true" isStatic="false" isGetter="false" isSetter="false">
              <Summary numSequencePoints="5" visitedSequencePoints="5" numBranchPoints="1" visitedBranchPoints="1" sequenceCoverage="100" branchCoverage="100" maxCyclomaticComplexity="1" minCyclomaticComplexity="1" visitedClasses="0" numClasses="0" visitedMethods="1" numMethods="1" />
              <MetadataToken>100663318</MetadataToken>
              <Name>System.Void HippocampusSql.Services.SqlBuilder`1::.ctor(System.Boolean)</Name>
              <FileRef uid="4" />
              <SequencePoints>
                <SequencePoint vc="5" uspid="83" ordinal="0" offset="0" sl="29" sc="9" el="29" ec="48" bec="0" bev="0" fileid="4" />
                <SequencePoint vc="5" uspid="84" ordinal="1" offset="7" sl="30" sc="9" el="30" ec="10" bec="0" bev="0" fileid="4" />
                <SequencePoint vc="5" uspid="85" ordinal="2" offset="8" sl="31" sc="13" el="31" ec="33" bec="0" bev="0" fileid="4" />
                <SequencePoint vc="5" uspid="86" ordinal="3" offset="16" sl="32" sc="13" el="35" ec="19" bec="0" bev="0" fileid="4" />
                <SequencePoint vc="5" uspid="87" ordinal="4" offset="48" sl="36" sc="9" el="36" ec="10" bec="0" bev="0" fileid="4" />
              </SequencePoints>
              <BranchPoints />
              <MethodPoint xsi:type="SequencePoint" vc="5" uspid="83" ordinal="0" offset="0" sl="29" sc="9" el="29" ec="48" bec="0" bev="0" fileid="4" />
            </Method>
            <Method visited="true" cyclomaticComplexity="12" nPathComplexity="1024" sequenceCoverage="87.80" branchCoverage="85.71" isConstructor="false" isStatic="false" isGetter="false" isSetter="false">
              <Summary numSequencePoints="41" visitedSequencePoints="36" numBranchPoints="21" visitedBranchPoints="18" sequenceCoverage="87.80" branchCoverage="85.71" maxCyclomaticComplexity="12" minCyclomaticComplexity="12" visitedClasses="0" numClasses="0" visitedMethods="1" numMethods="1" />
              <MetadataToken>100663319</MetadataToken>
              <Name>System.Void HippocampusSql.Services.SqlBuilder`1::ResolveExpression(System.Linq.Expressions.Expression,HippocampusSql.Enums.AppendType)</Name>
              <FileRef uid="4" />
              <SequencePoints>
                <SequencePoint vc="32" uspid="88" ordinal="0" offset="13" sl="41" sc="9" el="41" ec="10" bec="0" bev="0" fileid="4" />
                <SequencePoint vc="32" uspid="89" ordinal="1" offset="14" sl="42" sc="13" el="42" ec="29" bec="2" bev="1" fileid="4" />
                <SequencePoint vc="0" uspid="90" ordinal="2" offset="27" sl="43" sc="17" el="43" ec="99" bec="0" bev="0" fileid="4" />
                <SequencePoint vc="32" uspid="91" ordinal="3" offset="43" sl="45" sc="13" el="45" ec="94" bec="0" bev="0" fileid="4" />
                <SequencePoint vc="32" uspid="92" ordinal="4" offset="86" sl="47" sc="13" el="47" ec="41" bec="2" bev="2" fileid="4" />
                <SequencePoint vc="9" uspid="93" ordinal="5" offset="104" sl="48" sc="13" el="48" ec="14" bec="0" bev="0" fileid="4" />
                <SequencePoint vc="9" uspid="94" ordinal="6" offset="105" sl="49" sc="17" el="49" ec="56" bec="0" bev="0" fileid="4" />
                <SequencePoint vc="9" uspid="95" ordinal="7" offset="117" sl="51" sc="17" el="51" ec="62" bec="0" bev="0" fileid="4" />
                <SequencePoint vc="9" uspid="96" ordinal="8" offset="131" sl="52" sc="13" el="52" ec="14" bec="0" bev="0" fileid="4" />
                <SequencePoint vc="23" uspid="97" ordinal="9" offset="137" sl="53" sc="18" el="53" ec="46" bec="2" bev="2" fileid="4" />
                <SequencePoint vc="6" uspid="98" ordinal="10" offset="157" sl="54" sc="13" el="54" ec="14" bec="0" bev="0" fileid="4" />
                <SequencePoint vc="6" uspid="99" ordinal="11" offset="158" sl="55" sc="17" el="55" ec="76" bec="0" bev="0" fileid="4" />
                <SequencePoint vc="6" uspid="100" ordinal="12" offset="177" sl="56" sc="13" el="56" ec="14" bec="0" bev="0" fileid="4" />
                <SequencePoint vc="17" uspid="101" ordinal="13" offset="183" sl="57" sc="18" el="57" ec="46" bec="2" bev="2" fileid="4" />
                <SequencePoint vc="6" uspid="102" ordinal="14" offset="203" sl="58" sc="13" el="58" ec="14" bec="0" bev="0" fileid="4" />
                <SequencePoint vc="6" uspid="103" ordinal="15" offset="204" sl="59" sc="17" el="59" ec="76" bec="0" bev="0" fileid="4" />
                <SequencePoint vc="6" uspid="104" ordinal="16" offset="223" sl="60" sc="13" el="60" ec="14" bec="0" bev="0" fileid="4" />
                <SequencePoint vc="11" uspid="105" ordinal="17" offset="229" sl="61" sc="18" el="61" ec="45" bec="2" bev="2" fileid="4" />
                <SequencePoint vc="1" uspid="106" ordinal="18" offset="249" sl="62" sc="13" el="62" ec="14" bec="0" bev="0" fileid="4" />
                <SequencePoint vc="1" uspid="107" ordinal="19" offset="250" sl="63" sc="17" el="63" ec="79" bec="0" bev="0" fileid="4" />
                <SequencePoint vc="1" uspid="108" ordinal="20" offset="274" sl="64" sc="13" el="64" ec="14" bec="0" bev="0" fileid="4" />
                <SequencePoint vc="10" uspid="109" ordinal="21" offset="280" sl="65" sc="18" el="65" ec="48" bec="2" bev="2" fileid="4" />
                <SequencePoint vc="9" uspid="110" ordinal="22" offset="310" sl="66" sc="13" el="66" ec="14" bec="0" bev="0" fileid="4" />
                <SequencePoint vc="9" uspid="111" ordinal="23" offset="311" sl="67" sc="17" el="67" ec="56" bec="0" bev="0" fileid="4" />
                <SequencePoint vc="9" uspid="112" ordinal="24" offset="324" sl="70" sc="17" el="70" ec="44" bec="2" bev="2" fileid="4" />
                <SequencePoint vc="2" uspid="113" ordinal="25" offset="340" sl="71" sc="21" el="71" ec="39" bec="0" bev="0" fileid="4" />
                <SequencePoint vc="7" uspid="114" ordinal="26" offset="354" sl="72" sc="22" el="72" ec="82" bec="2" bev="2" fileid="4" />
                <SequencePoint vc="4" uspid="115" ordinal="27" offset="393" sl="73" sc="21" el="73" ec="36" bec="0" bev="0" fileid="4" />
                <SequencePoint vc="3" uspid="116" ordinal="28" offset="407" sl="75" sc="21" el="75" ec="76" bec="0" bev="0" fileid="4" />
                <SequencePoint vc="9" uspid="117" ordinal="29" offset="432" sl="77" sc="17" el="77" ec="72" bec="0" bev="0" fileid="4" />
                <SequencePoint vc="9" uspid="118" ordinal="30" offset="458" sl="78" sc="13" el="78" ec="14" bec="0" bev="0" fileid="4" />
                <SequencePoint vc="1" uspid="119" ordinal="31" offset="461" sl="79" sc="18" el="79" ec="49" bec="2" bev="1" fileid="4" />
                <SequencePoint vc="0" uspid="120" ordinal="32" offset="481" sl="80" sc="13" el="80" ec="14" bec="0" bev="0" fileid="4" />
                <SequencePoint vc="0" uspid="121" ordinal="33" offset="482" sl="81" sc="17" el="81" ec="95" bec="0" bev="0" fileid="4" />
                <SequencePoint vc="0" uspid="122" ordinal="34" offset="507" sl="82" sc="13" el="82" ec="14" bec="0" bev="0" fileid="4" />
                <SequencePoint vc="1" uspid="123" ordinal="35" offset="510" sl="83" sc="18" el="83" ec="48" bec="2" bev="1" fileid="4" />
                <SequencePoint vc="1" uspid="124" ordinal="36" offset="530" sl="84" sc="13" el="84" ec="14" bec="0" bev="0" fileid="4" />
                <SequencePoint vc="1" uspid="125" ordinal="37" offset="531" sl="85" sc="17" el="85" ec="82" bec="0" bev="0" fileid="4" />
                <SequencePoint vc="1" uspid="126" ordinal="38" offset="550" sl="86" sc="13" el="86" ec="14" bec="0" bev="0" fileid="4" />
                <SequencePoint vc="0" uspid="127" ordinal="39" offset="553" sl="88" sc="17" el="88" ec="82" bec="0" bev="0" fileid="4" />
                <SequencePoint vc="32" uspid="128" ordinal="40" offset="564" sl="89" sc="9" el="89" ec="10" bec="0" bev="0" fileid="4" />
              </SequencePoints>
              <BranchPoints>
                <BranchPoint vc="0" uspid="129" ordinal="0" offset="25" sl="42" path="0" offsetend="27" fileid="4" />
                <BranchPoint vc="32" uspid="130" ordinal="1" offset="25" sl="42" path="1" offsetend="43" fileid="4" />
                <BranchPoint vc="9" uspid="131" ordinal="2" offset="102" sl="47" path="0" offsetend="104" fileid="4" />
                <BranchPoint vc="23" uspid="132" ordinal="3" offset="102" sl="47" path="1" offsetend="137" fileid="4" />
                <BranchPoint vc="6" uspid="133" ordinal="4" offset="155" sl="53" path="0" offsetend="157" fileid="4" />
                <BranchPoint vc="17" uspid="134" ordinal="5" offset="155" sl="53" path="1" offsetend="183" fileid="4" />
                <BranchPoint vc="6" uspid="135" ordinal="6" offset="201" sl="57" path="0" offsetend="203" fileid="4" />
                <BranchPoint vc="11" uspid="136" ordinal="7" offset="201" sl="57" path="1" offsetend="229" fileid="4" />
                <BranchPoint vc="1" uspid="137" ordinal="8" offset="247" sl="61" path="0" offsetend="249" fileid="4" />
                <BranchPoint vc="10" uspid="138" ordinal="9" offset="247" sl="61" path="1" offsetend="280" fileid="4" />
                <BranchPoint vc="9" uspid="139" ordinal="10" offset="298" sl="65" path="0" offsetend="303" fileid="4" />
                <BranchPoint vc="1" uspid="140" ordinal="11" offset="298" sl="65" path="1" offsetend="461" fileid="4" />
                <BranchPoint vc="2" uspid="141" ordinal="12" offset="338" sl="70" path="0" offsetend="340" fileid="4" />
                <BranchPoint vc="7" uspid="142" ordinal="13" offset="338" sl="70" path="1" offsetend="354" fileid="4" />
                <BranchPoint vc="4" uspid="145" ordinal="16" offset="391" sl="72" path="0" offsetend="393" fileid="4" />
                <BranchPoint vc="3" uspid="146" ordinal="17" offset="391" sl="72" path="1" offsetend="407" fileid="4" />
                <BranchPoint vc="0" uspid="147" ordinal="18" offset="479" sl="79" path="0" offsetend="481" fileid="4" />
                <BranchPoint vc="1" uspid="148" ordinal="19" offset="479" sl="79" path="1" offsetend="510" fileid="4" />
                <BranchPoint vc="1" uspid="149" ordinal="20" offset="528" sl="83" path="0" offsetend="530" fileid="4" />
                <BranchPoint vc="0" uspid="150" ordinal="21" offset="528" sl="83" path="1" offsetend="553" fileid="4" />
              </BranchPoints>
[...]
              <MetadataToken>100663379</MetadataToken>
              <Name>System.Void HippocampusSql.Definitions.SelectDefinition::Dispose()</Name>
              <FileRef uid="11" />
              <SequencePoints>
                <SequencePoint vc="5" uspid="315" ordinal="0" offset="0" sl="17" sc="9" el="17" ec="10" bec="0" bev="0" fileid="11" />
                <SequencePoint vc="5" uspid="316" ordinal="1" offset="1" sl="18" sc="13" el="35" ec="20" bec="0" bev="0" fileid="11" />
                <SequencePoint vc="5" uspid="317" ordinal="2" offset="26" sl="36" sc="9" el="36" ec="10" bec="0" bev="0" fileid="11" />
              </SequencePoints>
              <BranchPoints />
              <MethodPoint xsi:type="SequencePoint" vc="5" uspid="315" ordinal="0" offset="0" sl="17" sc="9" el="17" ec="10" bec="0" bev="0" fileid="11" />
            </Method>
            <Method visited="true" cyclomaticComplexity="3" nPathComplexity="4" sequenceCoverage="90" branchCoverage="60" isConstructor="false" isStatic="false" isGetter="false" isSetter="false">
              <Summary numSequencePoints="10" visitedSequencePoints="9" numBranchPoints="5" visitedBranchPoints="3" sequenceCoverage="90" branchCoverage="60" maxCyclomaticComplexity="3" minCyclomaticComplexity="3" visitedClasses="0" numClasses="0" visitedMethods="1" numMethods="1" />
              <MetadataToken>100663380</MetadataToken>
              <Name>System.Text.StringBuilder HippocampusSql.Definitions.SelectDefinition::&lt;Dispose&gt;b__4_0(System.Text.StringBuilder)</Name>
              <FileRef uid="11" />
              <SequencePoints>
                <SequencePoint vc="5" uspid="318" ordinal="0" offset="0" sl="20" sc="17" el="20" ec="18" bec="0" bev="0" fileid="11" />
                <SequencePoint vc="5" uspid="319" ordinal="1" offset="1" sl="21" sc="21" el="21" ec="40" bec="0" bev="0" fileid="11" />
                <SequencePoint vc="5" uspid="320" ordinal="2" offset="13" sl="22" sc="21" el="22" ec="59" bec="0" bev="0" fileid="11" />
                <SequencePoint vc="5" uspid="321" ordinal="3" offset="30" sl="24" sc="21" el="24" ec="65" bec="2" bev="1" fileid="11" />
                <SequencePoint vc="5" uspid="322" ordinal="4" offset="49" sl="25" sc="25" el="26" ec="39" bec="0" bev="0" fileid="11" />
                <SequencePoint vc="5" uspid="323" ordinal="5" offset="70" sl="28" sc="21" el="28" ec="41" bec="0" bev="0" fileid="11" />
                <SequencePoint vc="5" uspid="324" ordinal="6" offset="84" sl="30" sc="21" el="30" ec="71" bec="2" bev="1" fileid="11" />
                <SequencePoint vc="0" uspid="325" ordinal="7" offset="103" sl="31" sc="25" el="32" ec="53" bec="0" bev="0" fileid="11" />
                <SequencePoint vc="5" uspid="326" ordinal="8" offset="127" sl="34" sc="21" el="34" ec="43" bec="0" bev="0" fileid="11" />
                <SequencePoint vc="5" uspid="327" ordinal="9" offset="136" sl="35" sc="17" el="35" ec="18" bec="0" bev="0" fileid="11" />
              </SequencePoints>
              <BranchPoints>
                <BranchPoint vc="5" uspid="328" ordinal="0" offset="47" sl="24" path="0" offsetend="49" fileid="11" />
                <BranchPoint vc="0" uspid="329" ordinal="1" offset="47" sl="24" path="1" offsetend="70" fileid="11" />
                <BranchPoint vc="0" uspid="330" ordinal="2" offset="101" sl="30" path="0" offsetend="103" fileid="11" />
                <BranchPoint vc="5" uspid="331" ordinal="3" offset="101" sl="30" path="1" offsetend="127" fileid="11" />
              </BranchPoints>
              <MethodPoint xsi:type="SequencePoint" vc="5" uspid="318" ordinal="0" offset="0" sl="20" sc="17" el="20" ec="18" bec="0" bev="0" fileid="11" />
            </Method>
          </Methods>
        </Class>
        <Class>
          <Summary numSequencePoints="1" visitedSequencePoints="1" numBranchPoints="1" visitedBranchPoints="1" sequenceCoverage="100" branchCoverage="100" maxCyclomaticComplexity="1" minCyclomaticComplexity="1" visitedClasses="1" numClasses="1" visitedMethods="1" numMethods="1" />
          <FullName>HippocampusSql.Definitions.SelectDefinition/&lt;&gt;c</FullName>
          <Methods>
            <Method visited="true" cyclomaticComplexity="1" nPathComplexity="0" sequenceCoverage="0" branchCoverage="0" isConstructor="true" isStatic="true" isGetter="false" isSetter="false">
              <Summary numSequencePoints="0" visitedSequencePoints="0" numBranchPoints="0" visitedBranchPoints="0" sequenceCoverage="0" branchCoverage="0" maxCyclomaticComplexity="1" minCyclomaticComplexity="1" visitedClasses="0" numClasses="0" visitedMethods="0" numMethods="0" />
              <MetadataToken>100663397</MetadataToken>
              <Name>System.Void HippocampusSql.Definitions.SelectDefinition/&lt;&gt;c::.cctor()</Name>
              <SequencePoints />
              <BranchPoints />
              <MethodPoint vc="1" uspid="332" ordinal="0" offset="0" />
            </Method>
            <Method visited="true" cyclomaticComplexity="1" nPathComplexity="0" sequenceCoverage="0" branchCoverage="0" isConstructor="true" isStatic="false" isGetter="false" isSetter="false">
              <Summary numSequencePoints="0" visitedSequencePoints="0" numBranchPoints="0" visitedBranchPoints="0" sequenceCoverage="0" branchCoverage="0" maxCyclomaticComplexity="1" minCyclomaticComplexity="1" visitedClasses="0" numClasses="0" visitedMethods="0" numMethods="0" />
              <MetadataToken>100663398</MetadataToken>
              <Name>System.Void HippocampusSql.Definitions.SelectDefinition/&lt;&gt;c::.ctor()</Name>
              <SequencePoints />
              <BranchPoints />
              <MethodPoint vc="1" uspid="333" ordinal="0" offset="0" />
            </Method>
            <Method visited="true" cyclomaticComplexity="1" nPathComplexity="0" sequenceCoverage="100" branchCoverage="100" isConstructor="false" isStatic="false" isGetter="false" isSetter="false">
              <Summary numSequencePoints="1" visitedSequencePoints="1" numBranchPoints="1" visitedBranchPoints="1" sequenceCoverage="100" branchCoverage="100" maxCyclomaticComplexity="1" minCyclomaticComplexity="1" visitedClasses="0" numClasses="0" visitedMethods="1" numMethods="1" />
              <MetadataToken>100663399</MetadataToken>
              <Name>System.Text.StringBuilder HippocampusSql.Definitions.SelectDefinition/&lt;&gt;c::&lt;.ctor&gt;b__3_0(System.Text.StringBuilder)</Name>
              <FileRef uid="11" />
              <SequencePoints>
                <SequencePoint vc="5" uspid="334" ordinal="0" offset="0" sl="13" sc="54" el="13" ec="73" bec="0" bev="0" fileid="11" />
              </SequencePoints>
              <BranchPoints />
              <MethodPoint xsi:type="SequencePoint" vc="5" uspid="334" ordinal="0" offset="0" sl="13" sc="54" el="13" ec="73" bec="0" bev="0" fileid="11" />
            </Method>
          </Methods>
        </Class>
        <Class>
          <Summary numSequencePoints="12" visitedSequencePoints="12" numBranchPoints="5" visitedBranchPoints="5" sequenceCoverage="100" branchCoverage="100" maxCyclomaticComplexity="4" minCyclomaticComplexity="1" visitedClasses="1" numClasses="1" visitedMethods="3" numMethods="3" />
          <FullName>HippocampusSql.Definitions.WhereDefinition</FullName>
          <Methods>
            <Method visited="true" cyclomaticComplexity="1" nPathComplexity="0" sequenceCoverage="100" branchCoverage="100" isConstructor="false" isStatic="false" isGetter="true" isSetter="false">
              <Summary numSequencePoints="1" visitedSequencePoints="1" numBranchPoints="1" visitedBranchPoints="1" sequenceCoverage="100" branchCoverage="100" maxCyclomaticComplexity="1" minCyclomaticComplexity="1" visitedClasses="0" numClasses="0" visitedMethods="1" numMethods="1" />
              <MetadataToken>100663381</MetadataToken>
              <Name>HippocampusSql.Interfaces.ISqlQuery HippocampusSql.Definitions.WhereDefinition::get_Query()</Name>
              <FileRef uid="13" />
              <SequencePoints>
                <SequencePoint vc="16" uspid="335" ordinal="0" offset="0" sl="8" sc="34" el="8" ec="38" bec="0" bev="0" fileid="13" />
              </SequencePoints>
              <BranchPoints />
              <MethodPoint xsi:type="SequencePoint" vc="16" uspid="335" ordinal="0" offset="0" sl="8" sc="34" el="8" ec="38" bec="0" bev="0" fileid="13" />
            </Method>
            <Method visited="true" cyclomaticComplexity="4" nPathComplexity="2" sequenceCoverage="100" branchCoverage="100" isConstructor="true" isStatic="false" isGetter="false" isSetter="false">
              <Summary numSequencePoints="8" visitedSequencePoints="8" numBranchPoints="3" visitedBranchPoints="3" sequenceCoverage="100" branchCoverage="100" maxCyclomaticComplexity="4" minCyclomaticComplexity="4" visitedClasses="0" numClasses="0" visitedMethods="1" numMethods="1" />
              <MetadataToken>100663382</MetadataToken>
              <Name>System.Void HippocampusSql.Definitions.WhereDefinition::.ctor(HippocampusSql.Interfaces.ISqlQuery)</Name>
              <FileRef uid="13" />
              <SequencePoints>
                <SequencePoint vc="4" uspid="336" ordinal="0" offset="0" sl="10" sc="9" el="10" ec="51" bec="0" bev="0" fileid="13" />
                <SequencePoint vc="4" uspid="337" ordinal="1" offset="7" sl="11" sc="9" el="11" ec="10" bec="0" bev="0" fileid="13" />
                <SequencePoint vc="4" uspid="338" ordinal="2" offset="8" sl="12" sc="13" el="12" ec="30" bec="0" bev="0" fileid="13" />
                <SequencePoint vc="4" uspid="339" ordinal="3" offset="15" sl="13" sc="13" el="13" ec="38" bec="0" bev="0" fileid="13" />
                <SequencePoint vc="4" uspid="340" ordinal="4" offset="37" sl="15" sc="13" el="15" ec="44" bec="2" bev="2" fileid="13" />
                <SequencePoint vc="1" uspid="341" ordinal="5" offset="55" sl="16" sc="17" el="19" ec="29" bec="0" bev="0" fileid="13" />
                <SequencePoint vc="3" uspid="342" ordinal="6" offset="101" sl="21" sc="17" el="21" ec="78" bec="0" bev="0" fileid="13" />
                <SequencePoint vc="4" uspid="343" ordinal="7" offset="145" sl="22" sc="9" el="22" ec="10" bec="0" bev="0" fileid="13" />
              </SequencePoints>
              <BranchPoints>
                <BranchPoint vc="1" uspid="344" ordinal="0" offset="53" sl="15" path="0" offsetend="55" fileid="13" />
                <BranchPoint vc="3" uspid="345" ordinal="1" offset="53" sl="15" path="1" offsetend="101" fileid="13" />
              </BranchPoints>
              <MethodPoint xsi:type="SequencePoint" vc="4" uspid="336" ordinal="0" offset="0" sl="10" sc="9" el="10" ec="51" bec="0" bev="0" fileid="13" />
            </Method>
            <Method visited="true" cyclomaticComplexity="2" nPathComplexity="0" sequenceCoverage="100" branchCoverage="100" isConstructor="false" isStatic="false" isGetter="false" isSetter="false">
              <Summary numSequencePoints="3" visitedSequencePoints="3" numBranchPoints="1" visitedBranchPoints="1" sequenceCoverage="100" branchCoverage="100" maxCyclomaticComplexity="2" minCyclomaticComplexity="2" visitedClasses="0" numClasses="0" visitedMethods="1" numMethods="1" />
              <MetadataToken>100663383</MetadataToken>
              <Name>System.Void HippocampusSql.Definitions.WhereDefinition::Dispose()</Name>
              <FileRef uid="13" />
              <SequencePoints>
                <SequencePoint vc="4" uspid="350" ordinal="0" offset="0" sl="25" sc="9" el="25" ec="10" bec="0" bev="0" fileid="13" />
                <SequencePoint vc="4" uspid="351" ordinal="1" offset="1" sl="26" sc="13" el="26" ec="68" bec="0" bev="0" fileid="13" />
                <SequencePoint vc="4" uspid="352" ordinal="2" offset="45" sl="27" sc="9" el="27" ec="10" bec="0" bev="0" fileid="13" />
              </SequencePoints>
              <BranchPoints />
              <MethodPoint xsi:type="SequencePoint" vc="4" uspid="350" ordinal="0" offset="0" sl="25" sc="9" el="25" ec="10" bec="0" bev="0" fileid="13" />
            </Method>
          </Methods>
        </Class>
        <Class>
          <Summary numSequencePoints="3" visitedSequencePoints="3" numBranchPoints="3" visitedBranchPoints="3" sequenceCoverage="100" branchCoverage="100" maxCyclomaticComplexity="1" minCyclomaticComplexity="1" visitedClasses="1" numClasses="1" visitedMethods="3" numMethods="3" />
          <FullName>HippocampusSql.Definitions.WhereDefinition/&lt;&gt;c</FullName>
          <Methods>
            <Method visited="true" cyclomaticComplexity="1" nPathComplexity="0" sequenceCoverage="0" branchCoverage="0" isConstructor="true" isStatic="true" isGetter="false" isSetter="false">
              <Summary numSequencePoints="0" visitedSequencePoints="0" numBranchPoints="0" visitedBranchPoints="0" sequenceCoverage="0" branchCoverage="0" maxCyclomaticComplexity="1" minCyclomaticComplexity="1" visitedClasses="0" numClasses="0" visitedMethods="0" numMethods="0" />
              <MetadataToken>100663400</MetadataToken>
              <Name>System.Void HippocampusSql.Definitions.WhereDefinition/&lt;&gt;c::.cctor()</Name>
              <SequencePoints />
              <BranchPoints />
              <MethodPoint vc="1" uspid="355" ordinal="0" offset="0" />
            </Method>
            <Method visited="true" cyclomaticComplexity="1" nPathComplexity="0" sequenceCoverage="0" branchCoverage="0" isConstructor="true" isStatic="false" isGetter="false" isSetter="false">
              <Summary numSequencePoints="0" visitedSequencePoints="0" numBranchPoints="0" visitedBranchPoints="0" sequenceCoverage="0" branchCoverage="0" maxCyclomaticComplexity="1" minCyclomaticComplexity="1" visitedClasses="0" numClasses="0" visitedMethods="0" numMethods="0" />
              <MetadataToken>100663401</MetadataToken>
              <Name>System.Void HippocampusSql.Definitions.WhereDefinition/&lt;&gt;c::.ctor()</Name>
              <SequencePoints />
              <BranchPoints />
              <MethodPoint vc="1" uspid="356" ordinal="0" offset="0" />
            </Method>
            <Method visited="true" cyclomaticComplexity="1" nPathComplexity="0" sequenceCoverage="100" branchCoverage="100" isConstructor="false" isStatic="false" isGetter="false" isSetter="false">
              <Summary numSequencePoints="1" visitedSequencePoints="1" numBranchPoints="1" visitedBranchPoints="1" sequenceCoverage="100" branchCoverage="100" maxCyclomaticComplexity="1" minCyclomaticComplexity="1" visitedClasses="0" numClasses="0" visitedMethods="1" numMethods="1" />
              <MetadataToken>100663402</MetadataToken>
              <Name>System.Text.StringBuilder HippocampusSql.Definitions.WhereDefinition/&lt;&gt;c::&lt;.ctor&gt;b__3_0(System.Text.StringBuilder)</Name>
              <FileRef uid="13" />
              <SequencePoints>
                <SequencePoint vc="1" uspid="357" ordinal="0" offset="0" sl="17" sc="26" el="18" ec="44" bec="0" bev="0" fileid="13" />
              </SequencePoints>
              <BranchPoints />
              <MethodPoint xsi:type="SequencePoint" vc="1" uspid="357" ordinal="0" offset="0" sl="17" sc="26" el="18" ec="44" bec="0" bev="0" fileid="13" />
            </Method>
            <Method visited="true" cyclomaticComplexity="1" nPathComplexity="0" sequenceCoverage="100" branchCoverage="100" isConstructor="false" isStatic="false" isGetter="false" isSetter="false">
              <Summary numSequencePoints="1" visitedSequencePoints="1" numBranchPoints="1" visitedBranchPoints="1" sequenceCoverage="100" branchCoverage="100" maxCyclomaticComplexity="1" minCyclomaticComplexity="1" visitedClasses="0" numClasses="0" visitedMethods="1" numMethods="1" />
              <MetadataToken>100663403</MetadataToken>
              <Name>System.Text.StringBuilder HippocampusSql.Definitions.WhereDefinition/&lt;&gt;c::&lt;.ctor&gt;b__3_1(System.Text.StringBuilder)</Name>
              <FileRef uid="13" />
              <SequencePoints>
                <SequencePoint vc="3" uspid="358" ordinal="0" offset="0" sl="21" sc="57" el="21" ec="76" bec="0" bev="0" fileid="13" />
              </SequencePoints>
              <BranchPoints />
              <MethodPoint xsi:type="SequencePoint" vc="3" uspid="358" ordinal="0" offset="0" sl="21" sc="57" el="21" ec="76" bec="0" bev="0" fileid="13" />
            </Method>
            <Method visited="true" cyclomaticComplexity="1" nPathComplexity="0" sequenceCoverage="100" branchCoverage="100" isConstructor="false" isStatic="false" isGetter="false" isSetter="false">
              <Summary numSequencePoints="1" visitedSequencePoints="1" numBranchPoints="1" visitedBranchPoints="1" sequenceCoverage="100" branchCoverage="100" maxCyclomaticComplexity="1" minCyclomaticComplexity="1" visitedClasses="0" numClasses="0" visitedMethods="1" numMethods="1" />
              <MetadataToken>100663404</MetadataToken>
              <Name>System.Text.StringBuilder HippocampusSql.Definitions.WhereDefinition/&lt;&gt;c::&lt;Dispose&gt;b__4_0(System.Text.StringBuilder)</Name>
              <FileRef uid="13" />
              <SequencePoints>
                <SequencePoint vc="4" uspid="359" ordinal="0" offset="0" sl="26" sc="53" el="26" ec="66" bec="0" bev="0" fileid="13" />
              </SequencePoints>
              <BranchPoints />
              <MethodPoint xsi:type="SequencePoint" vc="4" uspid="359" ordinal="0" offset="0" sl="26" sc="53" el="26" ec="66" bec="0" bev="0" fileid="13" />
            </Method>
          </Methods>
        </Class>
      </Classes>
    </Module>
    <Module skippedDueTo="Filter" hash="9F-06-B1-CA-CB-A0-C1-4D-45-F5-AA-8F-72-C0-DF-0F-F4-EF-29-CF">
      <ModulePath>J:\Projects\hippocampus-sql\bin\Debug\net451\win7-x64\xunit.core.dll</ModulePath>
      <ModuleTime>2015-09-27T13:34:26Z</ModuleTime>
      <ModuleName>xunit.core</ModuleName>
      <Classes />
    </Module>
    <Module skippedDueTo="Filter" hash="FB-A8-28-7E-D3-81-DD-16-9A-F4-F7-07-E9-F1-48-3B-6D-E4-C2-4E">
      <ModulePath>C:\WINDOWS\Microsoft.Net\assembly\GAC_MSIL\System.Threading.Tasks\v4.0_4.0.0.0__b03f5f7f11d50a3a\System.Threading.Tasks.dll</ModulePath>
      <ModuleTime>2016-07-16T11:43:53.8586529Z</ModuleTime>
      <ModuleName>System.Threading.Tasks</ModuleName>
      <Classes />
    </Module>
    <Module skippedDueTo="Filter" hash="07-45-D5-E5-64-A5-50-1F-70-A0-AC-85-75-89-96-B5-69-A5-81-0F">
      <ModulePath>J:\Projects\hippocampus-sql\bin\Debug\net451\win7-x64\xunit.assert.dll</ModulePath>
      <ModuleTime>2015-09-27T13:34:24Z</ModuleTime>
      <ModuleName>xunit.assert</ModuleName>
      <Classes />
    </Module>
    <Module skippedDueTo="Filter" hash="65-7A-C6-20-B4-03-85-0B-E4-F6-D4-4C-D8-24-4B-FD-E9-87-2D-BA">
      <ModulePath>C:\WINDOWS\Microsoft.Net\assembly\GAC_MSIL\System.ComponentModel.Annotations\v4.0_4.0.0.0__b03f5f7f11d50a3a\System.ComponentModel.Annotations.dll</ModulePath>
      <ModuleTime>2016-07-16T11:43:55.6555243Z</ModuleTime>
      <ModuleName>System.ComponentModel.Annotations</ModuleName>
      <Classes />
    </Module>
    <Module skippedDueTo="Filter" hash="5C-3E-BF-20-25-C2-BE-00-73-7A-01-AB-8B-B5-84-96-4F-E2-36-2F">
      <ModulePath>C:\WINDOWS\Microsoft.Net\assembly\GAC_MSIL\System.ComponentModel.DataAnnotations\v4.0_4.0.0.0__31bf3856ad364e35\System.ComponentModel.DataAnnotations.dll</ModulePath>
      <ModuleTime>2016-07-16T11:43:57.2961462Z</ModuleTime>
      <ModuleName>System.ComponentModel.DataAnnotations</ModuleName>
      <Classes />
    </Module>
    <Module skippedDueTo="Filter" hash="34-A3-5D-67-8E-E7-DB-60-FE-97-F3-BD-D4-E7-40-6B-00-DA-51-C8">
      <ModulePath>C:\WINDOWS\Microsoft.Net\assembly\GAC_MSIL\System.Configuration\v4.0_4.0.0.0__b03f5f7f11d50a3a\System.Configuration.dll</ModulePath>
      <ModuleTime>2016-07-16T11:43:53.9992781Z</ModuleTime>
      <ModuleName>System.Configuration</ModuleName>
      <Classes />
    </Module>
  </Modules>
</CoverageSession>